C000  4C F5 C5  IR:4C (JMP,3) A:00 X:00 Y:00 P:24 SP:FD nv-bdIzc CYC:7
C5F5  A2 00     IR:A2 (LDX,2) A:00 X:00 Y:00 P:24 SP:FD nv-bdIzc CYC:10
C5F7  86 00     IR:86 (STX,2) A:00 X:00 Y:00 P:26 SP:FD nv-bdIZc CYC:12
C5F9  86 10     IR:86 (STX,2) A:00 X:00 Y:00 P:26 SP:FD nv-bdIZc CYC:15
C5FB  86 11     IR:86 (STX,2) A:00 X:00 Y:00 P:26 SP:FD nv-bdIZc CYC:18
C5FD  20 2D C7  IR:20 (JSR,3) A:00 X:00 Y:00 P:26 SP:FD nv-bdIZc CYC:21
C72D  EA        IR:EA (NOP,1) A:00 X:00 Y:00 P:26 SP:FB nv-bdIZc CYC:27
C72E  38        IR:38 (SEC,1) A:00 X:00 Y:00 P:26 SP:FB nv-bdIZc CYC:29
C72F  B0 04     IR:B0 (BCS,2) A:00 X:00 Y:00 P:27 SP:FB nv-bdIZC CYC:31
C735  EA        IR:EA (NOP,1) A:00 X:00 Y:00 P:27 SP:FB nv-bdIZC CYC:34
C736  18        IR:18 (CLC,1) A:00 X:00 Y:00 P:27 SP:FB nv-bdIZC CYC:36
C737  B0 03     IR:B0 (BCS,2) A:00 X:00 Y:00 P:26 SP:FB nv-bdIZc CYC:38
C739  4C 40 C7  IR:4C (JMP,3) A:00 X:00 Y:00 P:26 SP:FB nv-bdIZc CYC:40
C740  EA        IR:EA (NOP,1) A:00 X:00 Y:00 P:26 SP:FB nv-bdIZc CYC:43
C741  38        IR:38 (SEC,1) A:00 X:00 Y:00 P:26 SP:FB nv-bdIZc CYC:45
C742  90 03     IR:90 (BCC,2) A:00 X:00 Y:00 P:27 SP:FB nv-bdIZC CYC:47
C744  4C 4B C7  IR:4C (JMP,3) A:00 X:00 Y:00 P:27 SP:FB nv-bdIZC CYC:49
C74B  EA        IR:EA (NOP,1) A:00 X:00 Y:00 P:27 SP:FB nv-bdIZC CYC:52
C74C  18        IR:18 (CLC,1) A:00 X:00 Y:00 P:27 SP:FB nv-bdIZC CYC:54
C74D  90 04     IR:90 (BCC,2) A:00 X:00 Y:00 P:26 SP:FB nv-bdIZc CYC:56
C753  EA        IR:EA (NOP,1) A:00 X:00 Y:00 P:26 SP:FB nv-bdIZc CYC:59
C754  A9 00     IR:A9 (LDA,2) A:00 X:00 Y:00 P:26 SP:FB nv-bdIZc CYC:61
C756  F0 04     IR:F0 (BEQ,2) A:00 X:00 Y:00 P:26 SP:FB nv-bdIZc CYC:63
C75C  EA        IR:EA (NOP,1) A:00 X:00 Y:00 P:26 SP:FB nv-bdIZc CYC:66
C75D  A9 40     IR:A9 (LDA,2) A:00 X:00 Y:00 P:26 SP:FB nv-bdIZc CYC:68
C75F  F0 03     IR:F0 (BEQ,2) A:40 X:00 Y:00 P:24 SP:FB nv-bdIzc CYC:70
C761  4C 68 C7  IR:4C (JMP,3) A:40 X:00 Y:00 P:24 SP:FB nv-bdIzc CYC:72
C768  EA        IR:EA (NOP,1) A:40 X:00 Y:00 P:24 SP:FB nv-bdIzc CYC:75
C769  A9 40     IR:A9 (LDA,2) A:40 X:00 Y:00 P:24 SP:FB nv-bdIzc CYC:77
C76B  D0 04     IR:D0 (BNE,2) A:40 X:00 Y:00 P:24 SP:FB nv-bdIzc CYC:79
C771  EA        IR:EA (NOP,1) A:40 X:00 Y:00 P:24 SP:FB nv-bdIzc CYC:82
C772  A9 00     IR:A9 (LDA,2) A:40 X:00 Y:00 P:24 SP:FB nv-bdIzc CYC:84
C774  D0 03     IR:D0 (BNE,2) A:00 X:00 Y:00 P:26 SP:FB nv-bdIZc CYC:86
C776  4C 7D C7  IR:4C (JMP,3) A:00 X:00 Y:00 P:26 SP:FB nv-bdIZc CYC:88
C77D  EA        IR:EA (NOP,1) A:00 X:00 Y:00 P:26 SP:FB nv-bdIZc CYC:91
C77E  A9 FF     IR:A9 (LDA,2) A:00 X:00 Y:00 P:26 SP:FB nv-bdIZc CYC:93
C780  85 01     IR:85 (STA,2) A:FF X:00 Y:00 P:A4 SP:FB Nv-bdIzc CYC:95
C782  24 01     IR:24 (BIT,2) A:FF X:00 Y:00 P:A4 SP:FB Nv-bdIzc CYC:98
C784  70 04     IR:70 (BVS,2) A:FF X:00 Y:00 P:E4 SP:FB NV-bdIzc CYC:101
C78A  EA        IR:EA (NOP,1) A:FF X:00 Y:00 P:E4 SP:FB NV-bdIzc CYC:104
C78B  24 01     IR:24 (BIT,2) A:FF X:00 Y:00 P:E4 SP:FB NV-bdIzc CYC:106
C78D  50 03     IR:50 (BVC,2) A:FF X:00 Y:00 P:E4 SP:FB NV-bdIzc CYC:109
C78F  4C 96 C7  IR:4C (JMP,3) A:FF X:00 Y:00 P:E4 SP:FB NV-bdIzc CYC:111
C796  EA        IR:EA (NOP,1) A:FF X:00 Y:00 P:E4 SP:FB NV-bdIzc CYC:114
C797  A9 00     IR:A9 (LDA,2) A:FF X:00 Y:00 P:E4 SP:FB NV-bdIzc CYC:116
C799  85 01     IR:85 (STA,2) A:00 X:00 Y:00 P:66 SP:FB nV-bdIZc CYC:118
C79B  24 01     IR:24 (BIT,2) A:00 X:00 Y:00 P:66 SP:FB nV-bdIZc CYC:121
C79D  50 04     IR:50 (BVC,2) A:00 X:00 Y:00 P:26 SP:FB nv-bdIZc CYC:124
C7A3  EA        IR:EA (NOP,1) A:00 X:00 Y:00 P:26 SP:FB nv-bdIZc CYC:127
C7A4  24 01     IR:24 (BIT,2) A:00 X:00 Y:00 P:26 SP:FB nv-bdIZc CYC:129
C7A6  70 03     IR:70 (BVS,2) A:00 X:00 Y:00 P:26 SP:FB nv-bdIZc CYC:132
C7A8  4C AF C7  IR:4C (JMP,3) A:00 X:00 Y:00 P:26 SP:FB nv-bdIZc CYC:134
C7AF  EA        IR:EA (NOP,1) A:00 X:00 Y:00 P:26 SP:FB nv-bdIZc CYC:137
C7B0  A9 00     IR:A9 (LDA,2) A:00 X:00 Y:00 P:26 SP:FB nv-bdIZc CYC:139
C7B2  10 04     IR:10 (BPL,2) A:00 X:00 Y:00 P:26 SP:FB nv-bdIZc CYC:141
C7B8  EA        IR:EA (NOP,1) A:00 X:00 Y:00 P:26 SP:FB nv-bdIZc CYC:144
C7B9  A9 80     IR:A9 (LDA,2) A:00 X:00 Y:00 P:26 SP:FB nv-bdIZc CYC:146
C7BB  10 03     IR:10 (BPL,2) A:80 X:00 Y:00 P:A4 SP:FB Nv-bdIzc CYC:148
C7BD  4C D9 C7  IR:4C (JMP,3) A:80 X:00 Y:00 P:A4 SP:FB Nv-bdIzc CYC:150
C7D9  EA        IR:EA (NOP,1) A:80 X:00 Y:00 P:A4 SP:FB Nv-bdIzc CYC:153
C7DA  60        IR:60 (RTS,1) A:80 X:00 Y:00 P:A4 SP:FB Nv-bdIzc CYC:155
C600  20 DB C7  IR:20 (JSR,3) A:80 X:00 Y:00 P:A4 SP:FD Nv-bdIzc CYC:161
C7DB  EA        IR:EA (NOP,1) A:80 X:00 Y:00 P:A4 SP:FB Nv-bdIzc CYC:167
C7DC  A9 FF     IR:A9 (LDA,2) A:80 X:00 Y:00 P:A4 SP:FB Nv-bdIzc CYC:169
C7DE  85 01     IR:85 (STA,2) A:FF X:00 Y:00 P:A4 SP:FB Nv-bdIzc CYC:171
C7E0  24 01     IR:24 (BIT,2) A:FF X:00 Y:00 P:A4 SP:FB Nv-bdIzc CYC:174
C7E2  A9 00     IR:A9 (LDA,2) A:FF X:00 Y:00 P:E4 SP:FB NV-bdIzc CYC:177
C7E4  38        IR:38 (SEC,1) A:00 X:00 Y:00 P:66 SP:FB nV-bdIZc CYC:179
C7E5  78        IR:78 (SEI,1) A:00 X:00 Y:00 P:67 SP:FB nV-bdIZC CYC:181
C7E6  F8        IR:F8 (SED,1) A:00 X:00 Y:00 P:67 SP:FB nV-bdIZC CYC:183
C7E7  08        IR:08 (PHP,1) A:00 X:00 Y:00 P:6F SP:FB nV-bDIZC CYC:185
C7E8  68        IR:68 (PLA,1) A:00 X:00 Y:00 P:6F SP:FA nV-bDIZC CYC:188
C7E9  29 EF     IR:29 (AND,2) A:7F X:00 Y:00 P:6D SP:FB nV-bDIzC CYC:192
C7EB  C9 6F     IR:C9 (CMP,2) A:6F X:00 Y:00 P:6D SP:FB nV-bDIzC CYC:194
C7ED  F0 04     IR:F0 (BEQ,2) A:6F X:00 Y:00 P:6F SP:FB nV-bDIZC CYC:196
C7F3  EA        IR:EA (NOP,1) A:6F X:00 Y:00 P:6F SP:FB nV-bDIZC CYC:199
C7F4  A9 40     IR:A9 (LDA,2) A:6F X:00 Y:00 P:6F SP:FB nV-bDIZC CYC:201
C7F6  85 01     IR:85 (STA,2) A:40 X:00 Y:00 P:6D SP:FB nV-bDIzC CYC:203
C7F8  24 01     IR:24 (BIT,2) A:40 X:00 Y:00 P:6D SP:FB nV-bDIzC CYC:206
C7FA  D8        IR:D8 (CLD,1) A:40 X:00 Y:00 P:6D SP:FB nV-bDIzC CYC:209
C7FB  A9 10     IR:A9 (LDA,2) A:40 X:00 Y:00 P:65 SP:FB nV-bdIzC CYC:211
C7FD  18        IR:18 (CLC,1) A:10 X:00 Y:00 P:65 SP:FB nV-bdIzC CYC:213
C7FE  08        IR:08 (PHP,1) A:10 X:00 Y:00 P:64 SP:FB nV-bdIzc CYC:215
C7FF  68        IR:68 (PLA,1) A:10 X:00 Y:00 P:64 SP:FA nV-bdIzc CYC:218
C800  29 EF     IR:29 (AND,2) A:74 X:00 Y:00 P:64 SP:FB nV-bdIzc CYC:222
C802  C9 64     IR:C9 (CMP,2) A:64 X:00 Y:00 P:64 SP:FB nV-bdIzc CYC:224
C804  F0 04     IR:F0 (BEQ,2) A:64 X:00 Y:00 P:67 SP:FB nV-bdIZC CYC:226
C80A  EA        IR:EA (NOP,1) A:64 X:00 Y:00 P:67 SP:FB nV-bdIZC CYC:229
C80B  A9 80     IR:A9 (LDA,2) A:64 X:00 Y:00 P:67 SP:FB nV-bdIZC CYC:231
C80D  85 01     IR:85 (STA,2) A:80 X:00 Y:00 P:E5 SP:FB NV-bdIzC CYC:233
C80F  24 01     IR:24 (BIT,2) A:80 X:00 Y:00 P:E5 SP:FB NV-bdIzC CYC:236
C811  F8        IR:F8 (SED,1) A:80 X:00 Y:00 P:A5 SP:FB Nv-bdIzC CYC:239
C812  A9 00     IR:A9 (LDA,2) A:80 X:00 Y:00 P:AD SP:FB Nv-bDIzC CYC:241
C814  38        IR:38 (SEC,1) A:00 X:00 Y:00 P:2F SP:FB nv-bDIZC CYC:243
C815  08        IR:08 (PHP,1) A:00 X:00 Y:00 P:2F SP:FB nv-bDIZC CYC:245
C816  68        IR:68 (PLA,1) A:00 X:00 Y:00 P:2F SP:FA nv-bDIZC CYC:248
C817  29 EF     IR:29 (AND,2) A:3F X:00 Y:00 P:2D SP:FB nv-bDIzC CYC:252
C819  C9 2F     IR:C9 (CMP,2) A:2F X:00 Y:00 P:2D SP:FB nv-bDIzC CYC:254
C81B  F0 04     IR:F0 (BEQ,2) A:2F X:00 Y:00 P:2F SP:FB nv-bDIZC CYC:256
C821  EA        IR:EA (NOP,1) A:2F X:00 Y:00 P:2F SP:FB nv-bDIZC CYC:259
C822  A9 FF     IR:A9 (LDA,2) A:2F X:00 Y:00 P:2F SP:FB nv-bDIZC CYC:261
C824  48        IR:48 (PHA,1) A:FF X:00 Y:00 P:AD SP:FB Nv-bDIzC CYC:263
C825  28        IR:28 (PLP,1) A:FF X:00 Y:00 P:AD SP:FA Nv-bDIzC CYC:266
C826  D0 09     IR:D0 (BNE,2) A:FF X:00 Y:00 P:EF SP:FB NV-bDIZC CYC:270
C828  10 07     IR:10 (BPL,2) A:FF X:00 Y:00 P:EF SP:FB NV-bDIZC CYC:272
C82A  50 05     IR:50 (BVC,2) A:FF X:00 Y:00 P:EF SP:FB NV-bDIZC CYC:274
C82C  90 03     IR:90 (BCC,2) A:FF X:00 Y:00 P:EF SP:FB NV-bDIZC CYC:276
C82E  4C 35 C8  IR:4C (JMP,3) A:FF X:00 Y:00 P:EF SP:FB NV-bDIZC CYC:278
C835  EA        IR:EA (NOP,1) A:FF X:00 Y:00 P:EF SP:FB NV-bDIZC CYC:281
C836  A9 04     IR:A9 (LDA,2) A:FF X:00 Y:00 P:EF SP:FB NV-bDIZC CYC:283
C838  48        IR:48 (PHA,1) A:04 X:00 Y:00 P:6D SP:FB nV-bDIzC CYC:285
C839  28        IR:28 (PLP,1) A:04 X:00 Y:00 P:6D SP:FA nV-bDIzC CYC:288
C83A  F0 09     IR:F0 (BEQ,2) A:04 X:00 Y:00 P:24 SP:FB nv-bdIzc CYC:292
C83C  30 07     IR:30 (BMI,2) A:04 X:00 Y:00 P:24 SP:FB nv-bdIzc CYC:294
C83E  70 05     IR:70 (BVS,2) A:04 X:00 Y:00 P:24 SP:FB nv-bdIzc CYC:296
C840  B0 03     IR:B0 (BCS,2) A:04 X:00 Y:00 P:24 SP:FB nv-bdIzc CYC:298
C842  4C 49 C8  IR:4C (JMP,3) A:04 X:00 Y:00 P:24 SP:FB nv-bdIzc CYC:300
C849  EA        IR:EA (NOP,1) A:04 X:00 Y:00 P:24 SP:FB nv-bdIzc CYC:303
C84A  F8        IR:F8 (SED,1) A:04 X:00 Y:00 P:24 SP:FB nv-bdIzc CYC:305
C84B  A9 FF     IR:A9 (LDA,2) A:04 X:00 Y:00 P:2C SP:FB nv-bDIzc CYC:307
C84D  85 01     IR:85 (STA,2) A:FF X:00 Y:00 P:AC SP:FB Nv-bDIzc CYC:309
C84F  24 01     IR:24 (BIT,2) A:FF X:00 Y:00 P:AC SP:FB Nv-bDIzc CYC:312
C851  18        IR:18 (CLC,1) A:FF X:00 Y:00 P:EC SP:FB NV-bDIzc CYC:315
C852  A9 00     IR:A9 (LDA,2) A:FF X:00 Y:00 P:EC SP:FB NV-bDIzc CYC:317
C854  48        IR:48 (PHA,1) A:00 X:00 Y:00 P:6E SP:FB nV-bDIZc CYC:319
C855  A9 FF     IR:A9 (LDA,2) A:00 X:00 Y:00 P:6E SP:FA nV-bDIZc CYC:322
C857  68        IR:68 (PLA,1) A:FF X:00 Y:00 P:EC SP:FA NV-bDIzc CYC:324
C858  D0 09     IR:D0 (BNE,2) A:00 X:00 Y:00 P:6E SP:FB nV-bDIZc CYC:328
C85A  30 07     IR:30 (BMI,2) A:00 X:00 Y:00 P:6E SP:FB nV-bDIZc CYC:330
C85C  50 05     IR:50 (BVC,2) A:00 X:00 Y:00 P:6E SP:FB nV-bDIZc CYC:332
C85E  B0 03     IR:B0 (BCS,2) A:00 X:00 Y:00 P:6E SP:FB nV-bDIZc CYC:334
C860  4C 67 C8  IR:4C (JMP,3) A:00 X:00 Y:00 P:6E SP:FB nV-bDIZc CYC:336
C867  EA        IR:EA (NOP,1) A:00 X:00 Y:00 P:6E SP:FB nV-bDIZc CYC:339
C868  A9 00     IR:A9 (LDA,2) A:00 X:00 Y:00 P:6E SP:FB nV-bDIZc CYC:341
C86A  85 01     IR:85 (STA,2) A:00 X:00 Y:00 P:6E SP:FB nV-bDIZc CYC:343
C86C  24 01     IR:24 (BIT,2) A:00 X:00 Y:00 P:6E SP:FB nV-bDIZc CYC:346
C86E  38        IR:38 (SEC,1) A:00 X:00 Y:00 P:2E SP:FB nv-bDIZc CYC:349
C86F  A9 FF     IR:A9 (LDA,2) A:00 X:00 Y:00 P:2F SP:FB nv-bDIZC CYC:351
C871  48        IR:48 (PHA,1) A:FF X:00 Y:00 P:AD SP:FB Nv-bDIzC CYC:353
C872  A9 00     IR:A9 (LDA,2) A:FF X:00 Y:00 P:AD SP:FA Nv-bDIzC CYC:356
C874  68        IR:68 (PLA,1) A:00 X:00 Y:00 P:2F SP:FA nv-bDIZC CYC:358
C875  F0 09     IR:F0 (BEQ,2) A:FF X:00 Y:00 P:AD SP:FB Nv-bDIzC CYC:362
C877  10 07     IR:10 (BPL,2) A:FF X:00 Y:00 P:AD SP:FB Nv-bDIzC CYC:364
C879  70 05     IR:70 (BVS,2) A:FF X:00 Y:00 P:AD SP:FB Nv-bDIzC CYC:366
C87B  90 03     IR:90 (BCC,2) A:FF X:00 Y:00 P:AD SP:FB Nv-bDIzC CYC:368
C87D  4C 84 C8  IR:4C (JMP,3) A:FF X:00 Y:00 P:AD SP:FB Nv-bDIzC CYC:370
C884  60        IR:60 (RTS,1) A:FF X:00 Y:00 P:AD SP:FB Nv-bDIzC CYC:373
C603  20 85 C8  IR:20 (JSR,3) A:FF X:00 Y:00 P:AD SP:FD Nv-bDIzC CYC:379
C885  EA        IR:EA (NOP,1) A:FF X:00 Y:00 P:AD SP:FB Nv-bDIzC CYC:385
C886  18        IR:18 (CLC,1) A:FF X:00 Y:00 P:AD SP:FB Nv-bDIzC CYC:387
C887  A9 FF     IR:A9 (LDA,2) A:FF X:00 Y:00 P:AC SP:FB Nv-bDIzc CYC:389
C889  85 01     IR:85 (STA,2) A:FF X:00 Y:00 P:AC SP:FB Nv-bDIzc CYC:391
C88B  24 01     IR:24 (BIT,2) A:FF X:00 Y:00 P:AC SP:FB Nv-bDIzc CYC:394
C88D  A9 55     IR:A9 (LDA,2) A:FF X:00 Y:00 P:EC SP:FB NV-bDIzc CYC:397
C88F  09 AA     IR:09 (ORA,2) A:55 X:00 Y:00 P:6C SP:FB nV-bDIzc CYC:399
C891  B0 0B     IR:B0 (BCS,2) A:FF X:00 Y:00 P:EC SP:FB NV-bDIzc CYC:401
C893  10 09     IR:10 (BPL,2) A:FF X:00 Y:00 P:EC SP:FB NV-bDIzc CYC:403
C895  C9 FF     IR:C9 (CMP,2) A:FF X:00 Y:00 P:EC SP:FB NV-bDIzc CYC:405
C897  D0 05     IR:D0 (BNE,2) A:FF X:00 Y:00 P:6F SP:FB nV-bDIZC CYC:407
C899  50 03     IR:50 (BVC,2) A:FF X:00 Y:00 P:6F SP:FB nV-bDIZC CYC:409
C89B  4C A2 C8  IR:4C (JMP,3) A:FF X:00 Y:00 P:6F SP:FB nV-bDIZC CYC:411
C8A2  EA        IR:EA (NOP,1) A:FF X:00 Y:00 P:6F SP:FB nV-bDIZC CYC:414
C8A3  38        IR:38 (SEC,1) A:FF X:00 Y:00 P:6F SP:FB nV-bDIZC CYC:416
C8A4  B8        IR:B8 (CLV,1) A:FF X:00 Y:00 P:6F SP:FB nV-bDIZC CYC:418
C8A5  A9 00     IR:A9 (LDA,2) A:FF X:00 Y:00 P:2F SP:FB nv-bDIZC CYC:420
C8A7  09 00     IR:09 (ORA,2) A:00 X:00 Y:00 P:2F SP:FB nv-bDIZC CYC:422
C8A9  D0 09     IR:D0 (BNE,2) A:00 X:00 Y:00 P:2F SP:FB nv-bDIZC CYC:424
C8AB  70 07     IR:70 (BVS,2) A:00 X:00 Y:00 P:2F SP:FB nv-bDIZC CYC:426
C8AD  90 05     IR:90 (BCC,2) A:00 X:00 Y:00 P:2F SP:FB nv-bDIZC CYC:428
C8AF  30 03     IR:30 (BMI,2) A:00 X:00 Y:00 P:2F SP:FB nv-bDIZC CYC:430
C8B1  4C B8 C8  IR:4C (JMP,3) A:00 X:00 Y:00 P:2F SP:FB nv-bDIZC CYC:432
C8B8  EA        IR:EA (NOP,1) A:00 X:00 Y:00 P:2F SP:FB nv-bDIZC CYC:435
C8B9  18        IR:18 (CLC,1) A:00 X:00 Y:00 P:2F SP:FB nv-bDIZC CYC:437
C8BA  24 01     IR:24 (BIT,2) A:00 X:00 Y:00 P:2E SP:FB nv-bDIZc CYC:439
C8BC  A9 55     IR:A9 (LDA,2) A:00 X:00 Y:00 P:EE SP:FB NV-bDIZc CYC:442
C8BE  29 AA     IR:29 (AND,2) A:55 X:00 Y:00 P:6C SP:FB nV-bDIzc CYC:444
C8C0  D0 09     IR:D0 (BNE,2) A:00 X:00 Y:00 P:6E SP:FB nV-bDIZc CYC:446
C8C2  50 07     IR:50 (BVC,2) A:00 X:00 Y:00 P:6E SP:FB nV-bDIZc CYC:448
C8C4  B0 05     IR:B0 (BCS,2) A:00 X:00 Y:00 P:6E SP:FB nV-bDIZc CYC:450
C8C6  30 03     IR:30 (BMI,2) A:00 X:00 Y:00 P:6E SP:FB nV-bDIZc CYC:452
C8C8  4C CF C8  IR:4C (JMP,3) A:00 X:00 Y:00 P:6E SP:FB nV-bDIZc CYC:454
C8CF  EA        IR:EA (NOP,1) A:00 X:00 Y:00 P:6E SP:FB nV-bDIZc CYC:457
C8D0  38        IR:38 (SEC,1) A:00 X:00 Y:00 P:6E SP:FB nV-bDIZc CYC:459
C8D1  B8        IR:B8 (CLV,1) A:00 X:00 Y:00 P:6F SP:FB nV-bDIZC CYC:461
C8D2  A9 F8     IR:A9 (LDA,2) A:00 X:00 Y:00 P:2F SP:FB nv-bDIZC CYC:463
C8D4  29 EF     IR:29 (AND,2) A:F8 X:00 Y:00 P:AD SP:FB Nv-bDIzC CYC:465
C8D6  90 0B     IR:90 (BCC,2) A:E8 X:00 Y:00 P:AD SP:FB Nv-bDIzC CYC:467
C8D8  10 09     IR:10 (BPL,2) A:E8 X:00 Y:00 P:AD SP:FB Nv-bDIzC CYC:469
C8DA  C9 E8     IR:C9 (CMP,2) A:E8 X:00 Y:00 P:AD SP:FB Nv-bDIzC CYC:471
C8DC  D0 05     IR:D0 (BNE,2) A:E8 X:00 Y:00 P:2F SP:FB nv-bDIZC CYC:473
C8DE  70 03     IR:70 (BVS,2) A:E8 X:00 Y:00 P:2F SP:FB nv-bDIZC CYC:475
C8E0  4C E7 C8  IR:4C (JMP,3) A:E8 X:00 Y:00 P:2F SP:FB nv-bDIZC CYC:477
C8E7  EA        IR:EA (NOP,1) A:E8 X:00 Y:00 P:2F SP:FB nv-bDIZC CYC:480
C8E8  18        IR:18 (CLC,1) A:E8 X:00 Y:00 P:2F SP:FB nv-bDIZC CYC:482
C8E9  24 01     IR:24 (BIT,2) A:E8 X:00 Y:00 P:2E SP:FB nv-bDIZc CYC:484
C8EB  A9 5F     IR:A9 (LDA,2) A:E8 X:00 Y:00 P:EC SP:FB NV-bDIzc CYC:487
C8ED  49 AA     IR:49 (EOR,2) A:5F X:00 Y:00 P:6C SP:FB nV-bDIzc CYC:489
C8EF  B0 0B     IR:B0 (BCS,2) A:F5 X:00 Y:00 P:EC SP:FB NV-bDIzc CYC:491
C8F1  10 09     IR:10 (BPL,2) A:F5 X:00 Y:00 P:EC SP:FB NV-bDIzc CYC:493
C8F3  C9 F5     IR:C9 (CMP,2) A:F5 X:00 Y:00 P:EC SP:FB NV-bDIzc CYC:495
C8F5  D0 05     IR:D0 (BNE,2) A:F5 X:00 Y:00 P:6F SP:FB nV-bDIZC CYC:497
C8F7  50 03     IR:50 (BVC,2) A:F5 X:00 Y:00 P:6F SP:FB nV-bDIZC CYC:499
C8F9  4C 00 C9  IR:4C (JMP,3) A:F5 X:00 Y:00 P:6F SP:FB nV-bDIZC CYC:501
C900  EA        IR:EA (NOP,1) A:F5 X:00 Y:00 P:6F SP:FB nV-bDIZC CYC:504
C901  38        IR:38 (SEC,1) A:F5 X:00 Y:00 P:6F SP:FB nV-bDIZC CYC:506
C902  B8        IR:B8 (CLV,1) A:F5 X:00 Y:00 P:6F SP:FB nV-bDIZC CYC:508
C903  A9 70     IR:A9 (LDA,2) A:F5 X:00 Y:00 P:2F SP:FB nv-bDIZC CYC:510
C905  49 70     IR:49 (EOR,2) A:70 X:00 Y:00 P:2D SP:FB nv-bDIzC CYC:512
C907  D0 09     IR:D0 (BNE,2) A:00 X:00 Y:00 P:2F SP:FB nv-bDIZC CYC:514
C909  70 07     IR:70 (BVS,2) A:00 X:00 Y:00 P:2F SP:FB nv-bDIZC CYC:516
C90B  90 05     IR:90 (BCC,2) A:00 X:00 Y:00 P:2F SP:FB nv-bDIZC CYC:518
C90D  30 03     IR:30 (BMI,2) A:00 X:00 Y:00 P:2F SP:FB nv-bDIZC CYC:520
C90F  4C 16 C9  IR:4C (JMP,3) A:00 X:00 Y:00 P:2F SP:FB nv-bDIZC CYC:522
C916  EA        IR:EA (NOP,1) A:00 X:00 Y:00 P:2F SP:FB nv-bDIZC CYC:525
C917  18        IR:18 (CLC,1) A:00 X:00 Y:00 P:2F SP:FB nv-bDIZC CYC:527
C918  24 01     IR:24 (BIT,2) A:00 X:00 Y:00 P:2E SP:FB nv-bDIZc CYC:529
C91A  A9 00     IR:A9 (LDA,2) A:00 X:00 Y:00 P:EE SP:FB NV-bDIZc CYC:532
C91C  69 69     IR:69 (ADC,2) A:00 X:00 Y:00 P:6E SP:FB nV-bDIZc CYC:534
C91E  30 0B     IR:30 (BMI,2) A:69 X:00 Y:00 P:2C SP:FB nv-bDIzc CYC:536
C920  B0 09     IR:B0 (BCS,2) A:69 X:00 Y:00 P:2C SP:FB nv-bDIzc CYC:538
C922  C9 69     IR:C9 (CMP,2) A:69 X:00 Y:00 P:2C SP:FB nv-bDIzc CYC:540
C924  D0 05     IR:D0 (BNE,2) A:69 X:00 Y:00 P:2F SP:FB nv-bDIZC CYC:542
C926  70 03     IR:70 (BVS,2) A:69 X:00 Y:00 P:2F SP:FB nv-bDIZC CYC:544
C928  4C 2F C9  IR:4C (JMP,3) A:69 X:00 Y:00 P:2F SP:FB nv-bDIZC CYC:546
C92F  EA        IR:EA (NOP,1) A:69 X:00 Y:00 P:2F SP:FB nv-bDIZC CYC:549
C930  38        IR:38 (SEC,1) A:69 X:00 Y:00 P:2F SP:FB nv-bDIZC CYC:551
C931  F8        IR:F8 (SED,1) A:69 X:00 Y:00 P:2F SP:FB nv-bDIZC CYC:553
C932  24 01     IR:24 (BIT,2) A:69 X:00 Y:00 P:2F SP:FB nv-bDIZC CYC:555
C934  A9 01     IR:A9 (LDA,2) A:69 X:00 Y:00 P:ED SP:FB NV-bDIzC CYC:558
C936  69 69     IR:69 (ADC,2) A:01 X:00 Y:00 P:6D SP:FB nV-bDIzC CYC:560
C938  30 0B     IR:30 (BMI,2) A:6B X:00 Y:00 P:2C SP:FB nv-bDIzc CYC:562
C93A  B0 09     IR:B0 (BCS,2) A:6B X:00 Y:00 P:2C SP:FB nv-bDIzc CYC:564
C93C  C9 6B     IR:C9 (CMP,2) A:6B X:00 Y:00 P:2C SP:FB nv-bDIzc CYC:566
C93E  D0 05     IR:D0 (BNE,2) A:6B X:00 Y:00 P:2F SP:FB nv-bDIZC CYC:568
C940  70 03     IR:70 (BVS,2) A:6B X:00 Y:00 P:2F SP:FB nv-bDIZC CYC:570
C942  4C 49 C9  IR:4C (JMP,3) A:6B X:00 Y:00 P:2F SP:FB nv-bDIZC CYC:572
C949  EA        IR:EA (NOP,1) A:6B X:00 Y:00 P:2F SP:FB nv-bDIZC CYC:575
C94A  D8        IR:D8 (CLD,1) A:6B X:00 Y:00 P:2F SP:FB nv-bDIZC CYC:577
C94B  38        IR:38 (SEC,1) A:6B X:00 Y:00 P:27 SP:FB nv-bdIZC CYC:579
C94C  B8        IR:B8 (CLV,1) A:6B X:00 Y:00 P:27 SP:FB nv-bdIZC CYC:581
C94D  A9 7F     IR:A9 (LDA,2) A:6B X:00 Y:00 P:27 SP:FB nv-bdIZC CYC:583
C94F  69 7F     IR:69 (ADC,2) A:7F X:00 Y:00 P:25 SP:FB nv-bdIzC CYC:585
C951  10 0B     IR:10 (BPL,2) A:FF X:00 Y:00 P:E4 SP:FB NV-bdIzc CYC:587
C953  B0 09     IR:B0 (BCS,2) A:FF X:00 Y:00 P:E4 SP:FB NV-bdIzc CYC:589
C955  C9 FF     IR:C9 (CMP,2) A:FF X:00 Y:00 P:E4 SP:FB NV-bdIzc CYC:591
C957  D0 05     IR:D0 (BNE,2) A:FF X:00 Y:00 P:67 SP:FB nV-bdIZC CYC:593
C959  50 03     IR:50 (BVC,2) A:FF X:00 Y:00 P:67 SP:FB nV-bdIZC CYC:595
C95B  4C 62 C9  IR:4C (JMP,3) A:FF X:00 Y:00 P:67 SP:FB nV-bdIZC CYC:597
C962  EA        IR:EA (NOP,1) A:FF X:00 Y:00 P:67 SP:FB nV-bdIZC CYC:600
C963  18        IR:18 (CLC,1) A:FF X:00 Y:00 P:67 SP:FB nV-bdIZC CYC:602
C964  24 01     IR:24 (BIT,2) A:FF X:00 Y:00 P:66 SP:FB nV-bdIZc CYC:604
C966  A9 7F     IR:A9 (LDA,2) A:FF X:00 Y:00 P:E4 SP:FB NV-bdIzc CYC:607
C968  69 80     IR:69 (ADC,2) A:7F X:00 Y:00 P:64 SP:FB nV-bdIzc CYC:609
C96A  10 0B     IR:10 (BPL,2) A:FF X:00 Y:00 P:A4 SP:FB Nv-bdIzc CYC:611
C96C  B0 09     IR:B0 (BCS,2) A:FF X:00 Y:00 P:A4 SP:FB Nv-bdIzc CYC:613
C96E  C9 FF     IR:C9 (CMP,2) A:FF X:00 Y:00 P:A4 SP:FB Nv-bdIzc CYC:615
C970  D0 05     IR:D0 (BNE,2) A:FF X:00 Y:00 P:27 SP:FB nv-bdIZC CYC:617
C972  70 03     IR:70 (BVS,2) A:FF X:00 Y:00 P:27 SP:FB nv-bdIZC CYC:619
C974  4C 7B C9  IR:4C (JMP,3) A:FF X:00 Y:00 P:27 SP:FB nv-bdIZC CYC:621
C97B  EA        IR:EA (NOP,1) A:FF X:00 Y:00 P:27 SP:FB nv-bdIZC CYC:624
C97C  38        IR:38 (SEC,1) A:FF X:00 Y:00 P:27 SP:FB nv-bdIZC CYC:626
C97D  B8        IR:B8 (CLV,1) A:FF X:00 Y:00 P:27 SP:FB nv-bdIZC CYC:628
C97E  A9 7F     IR:A9 (LDA,2) A:FF X:00 Y:00 P:27 SP:FB nv-bdIZC CYC:630
C980  69 80     IR:69 (ADC,2) A:7F X:00 Y:00 P:25 SP:FB nv-bdIzC CYC:632
C982  D0 09     IR:D0 (BNE,2) A:00 X:00 Y:00 P:27 SP:FB nv-bdIZC CYC:634
C984  30 07     IR:30 (BMI,2) A:00 X:00 Y:00 P:27 SP:FB nv-bdIZC CYC:636
C986  70 05     IR:70 (BVS,2) A:00 X:00 Y:00 P:27 SP:FB nv-bdIZC CYC:638
C988  90 03     IR:90 (BCC,2) A:00 X:00 Y:00 P:27 SP:FB nv-bdIZC CYC:640
C98A  4C 91 C9  IR:4C (JMP,3) A:00 X:00 Y:00 P:27 SP:FB nv-bdIZC CYC:642
C991  EA        IR:EA (NOP,1) A:00 X:00 Y:00 P:27 SP:FB nv-bdIZC CYC:645
C992  38        IR:38 (SEC,1) A:00 X:00 Y:00 P:27 SP:FB nv-bdIZC CYC:647
C993  B8        IR:B8 (CLV,1) A:00 X:00 Y:00 P:27 SP:FB nv-bdIZC CYC:649
C994  A9 9F     IR:A9 (LDA,2) A:00 X:00 Y:00 P:27 SP:FB nv-bdIZC CYC:651
C996  F0 09     IR:F0 (BEQ,2) A:9F X:00 Y:00 P:A5 SP:FB Nv-bdIzC CYC:653
C998  10 07     IR:10 (BPL,2) A:9F X:00 Y:00 P:A5 SP:FB Nv-bdIzC CYC:655
C99A  70 05     IR:70 (BVS,2) A:9F X:00 Y:00 P:A5 SP:FB Nv-bdIzC CYC:657
C99C  90 03     IR:90 (BCC,2) A:9F X:00 Y:00 P:A5 SP:FB Nv-bdIzC CYC:659
C99E  4C A5 C9  IR:4C (JMP,3) A:9F X:00 Y:00 P:A5 SP:FB Nv-bdIzC CYC:661
C9A5  EA        IR:EA (NOP,1) A:9F X:00 Y:00 P:A5 SP:FB Nv-bdIzC CYC:664
C9A6  18        IR:18 (CLC,1) A:9F X:00 Y:00 P:A5 SP:FB Nv-bdIzC CYC:666
C9A7  24 01     IR:24 (BIT,2) A:9F X:00 Y:00 P:A4 SP:FB Nv-bdIzc CYC:668
C9A9  A9 00     IR:A9 (LDA,2) A:9F X:00 Y:00 P:E4 SP:FB NV-bdIzc CYC:671
C9AB  D0 09     IR:D0 (BNE,2) A:00 X:00 Y:00 P:66 SP:FB nV-bdIZc CYC:673
C9AD  30 07     IR:30 (BMI,2) A:00 X:00 Y:00 P:66 SP:FB nV-bdIZc CYC:675
C9AF  50 05     IR:50 (BVC,2) A:00 X:00 Y:00 P:66 SP:FB nV-bdIZc CYC:677
C9B1  B0 03     IR:B0 (BCS,2) A:00 X:00 Y:00 P:66 SP:FB nV-bdIZc CYC:679
C9B3  4C BA C9  IR:4C (JMP,3) A:00 X:00 Y:00 P:66 SP:FB nV-bdIZc CYC:681
C9BA  EA        IR:EA (NOP,1) A:00 X:00 Y:00 P:66 SP:FB nV-bdIZc CYC:684
C9BB  24 01     IR:24 (BIT,2) A:00 X:00 Y:00 P:66 SP:FB nV-bdIZc CYC:686
C9BD  A9 40     IR:A9 (LDA,2) A:00 X:00 Y:00 P:E6 SP:FB NV-bdIZc CYC:689
C9BF  C9 40     IR:C9 (CMP,2) A:40 X:00 Y:00 P:64 SP:FB nV-bdIzc CYC:691
C9C1  30 09     IR:30 (BMI,2) A:40 X:00 Y:00 P:67 SP:FB nV-bdIZC CYC:693
C9C3  90 07     IR:90 (BCC,2) A:40 X:00 Y:00 P:67 SP:FB nV-bdIZC CYC:695
C9C5  D0 05     IR:D0 (BNE,2) A:40 X:00 Y:00 P:67 SP:FB nV-bdIZC CYC:697
C9C7  50 03     IR:50 (BVC,2) A:40 X:00 Y:00 P:67 SP:FB nV-bdIZC CYC:699
C9C9  4C D0 C9  IR:4C (JMP,3) A:40 X:00 Y:00 P:67 SP:FB nV-bdIZC CYC:701
C9D0  EA        IR:EA (NOP,1) A:40 X:00 Y:00 P:67 SP:FB nV-bdIZC CYC:704
C9D1  B8        IR:B8 (CLV,1) A:40 X:00 Y:00 P:67 SP:FB nV-bdIZC CYC:706
C9D2  C9 3F     IR:C9 (CMP,2) A:40 X:00 Y:00 P:27 SP:FB nv-bdIZC CYC:708
C9D4  F0 09     IR:F0 (BEQ,2) A:40 X:00 Y:00 P:25 SP:FB nv-bdIzC CYC:710
C9D6  30 07     IR:30 (BMI,2) A:40 X:00 Y:00 P:25 SP:FB nv-bdIzC CYC:712
C9D8  90 05     IR:90 (BCC,2) A:40 X:00 Y:00 P:25 SP:FB nv-bdIzC CYC:714
C9DA  70 03     IR:70 (BVS,2) A:40 X:00 Y:00 P:25 SP:FB nv-bdIzC CYC:716
C9DC  4C E3 C9  IR:4C (JMP,3) A:40 X:00 Y:00 P:25 SP:FB nv-bdIzC CYC:718
C9E3  EA        IR:EA (NOP,1) A:40 X:00 Y:00 P:25 SP:FB nv-bdIzC CYC:721
C9E4  C9 41     IR:C9 (CMP,2) A:40 X:00 Y:00 P:25 SP:FB nv-bdIzC CYC:723
C9E6  F0 07     IR:F0 (BEQ,2) A:40 X:00 Y:00 P:A4 SP:FB Nv-bdIzc CYC:725
C9E8  10 05     IR:10 (BPL,2) A:40 X:00 Y:00 P:A4 SP:FB Nv-bdIzc CYC:727
C9EA  10 03     IR:10 (BPL,2) A:40 X:00 Y:00 P:A4 SP:FB Nv-bdIzc CYC:729
C9EC  4C F3 C9  IR:4C (JMP,3) A:40 X:00 Y:00 P:A4 SP:FB Nv-bdIzc CYC:731
C9F3  EA        IR:EA (NOP,1) A:40 X:00 Y:00 P:A4 SP:FB Nv-bdIzc CYC:734
C9F4  A9 80     IR:A9 (LDA,2) A:40 X:00 Y:00 P:A4 SP:FB Nv-bdIzc CYC:736
C9F6  C9 00     IR:C9 (CMP,2) A:80 X:00 Y:00 P:A4 SP:FB Nv-bdIzc CYC:738
C9F8  F0 07     IR:F0 (BEQ,2) A:80 X:00 Y:00 P:A5 SP:FB Nv-bdIzC CYC:740
C9FA  10 05     IR:10 (BPL,2) A:80 X:00 Y:00 P:A5 SP:FB Nv-bdIzC CYC:742
C9FC  90 03     IR:90 (BCC,2) A:80 X:00 Y:00 P:A5 SP:FB Nv-bdIzC CYC:744
C9FE  4C 05 CA  IR:4C (JMP,3) A:80 X:00 Y:00 P:A5 SP:FB Nv-bdIzC CYC:746
CA05  EA        IR:EA (NOP,1) A:80 X:00 Y:00 P:A5 SP:FB Nv-bdIzC CYC:749
CA06  C9 80     IR:C9 (CMP,2) A:80 X:00 Y:00 P:A5 SP:FB Nv-bdIzC CYC:751
CA08  D0 07     IR:D0 (BNE,2) A:80 X:00 Y:00 P:27 SP:FB nv-bdIZC CYC:753
CA0A  30 05     IR:30 (BMI,2) A:80 X:00 Y:00 P:27 SP:FB nv-bdIZC CYC:755
CA0C  90 03     IR:90 (BCC,2) A:80 X:00 Y:00 P:27 SP:FB nv-bdIZC CYC:757
CA0E  4C 15 CA  IR:4C (JMP,3) A:80 X:00 Y:00 P:27 SP:FB nv-bdIZC CYC:759
CA15  EA        IR:EA (NOP,1) A:80 X:00 Y:00 P:27 SP:FB nv-bdIZC CYC:762
CA16  C9 81     IR:C9 (CMP,2) A:80 X:00 Y:00 P:27 SP:FB nv-bdIZC CYC:764
CA18  B0 07     IR:B0 (BCS,2) A:80 X:00 Y:00 P:A4 SP:FB Nv-bdIzc CYC:766
CA1A  F0 05     IR:F0 (BEQ,2) A:80 X:00 Y:00 P:A4 SP:FB Nv-bdIzc CYC:768
CA1C  10 03     IR:10 (BPL,2) A:80 X:00 Y:00 P:A4 SP:FB Nv-bdIzc CYC:770
CA1E  4C 25 CA  IR:4C (JMP,3) A:80 X:00 Y:00 P:A4 SP:FB Nv-bdIzc CYC:772
CA25  EA        IR:EA (NOP,1) A:80 X:00 Y:00 P:A4 SP:FB Nv-bdIzc CYC:775
CA26  C9 7F     IR:C9 (CMP,2) A:80 X:00 Y:00 P:A4 SP:FB Nv-bdIzc CYC:777
CA28  90 07     IR:90 (BCC,2) A:80 X:00 Y:00 P:25 SP:FB nv-bdIzC CYC:779
CA2A  F0 05     IR:F0 (BEQ,2) A:80 X:00 Y:00 P:25 SP:FB nv-bdIzC CYC:781
CA2C  30 03     IR:30 (BMI,2) A:80 X:00 Y:00 P:25 SP:FB nv-bdIzC CYC:783
CA2E  4C 35 CA  IR:4C (JMP,3) A:80 X:00 Y:00 P:25 SP:FB nv-bdIzC CYC:785
CA35  EA        IR:EA (NOP,1) A:80 X:00 Y:00 P:25 SP:FB nv-bdIzC CYC:788
CA36  24 01     IR:24 (BIT,2) A:80 X:00 Y:00 P:25 SP:FB nv-bdIzC CYC:790
CA38  A0 40     IR:A0 (LDY,2) A:80 X:00 Y:00 P:E5 SP:FB NV-bdIzC CYC:793
CA3A  C0 40     IR:C0 (CPY,2) A:80 X:00 Y:40 P:65 SP:FB nV-bdIzC CYC:795
CA3C  D0 09     IR:D0 (BNE,2) A:80 X:00 Y:40 P:67 SP:FB nV-bdIZC CYC:797
CA3E  30 07     IR:30 (BMI,2) A:80 X:00 Y:40 P:67 SP:FB nV-bdIZC CYC:799
CA40  90 05     IR:90 (BCC,2) A:80 X:00 Y:40 P:67 SP:FB nV-bdIZC CYC:801
CA42  50 03     IR:50 (BVC,2) A:80 X:00 Y:40 P:67 SP:FB nV-bdIZC CYC:803
CA44  4C 4B CA  IR:4C (JMP,3) A:80 X:00 Y:40 P:67 SP:FB nV-bdIZC CYC:805
CA4B  EA        IR:EA (NOP,1) A:80 X:00 Y:40 P:67 SP:FB nV-bdIZC CYC:808
CA4C  B8        IR:B8 (CLV,1) A:80 X:00 Y:40 P:67 SP:FB nV-bdIZC CYC:810
CA4D  C0 3F     IR:C0 (CPY,2) A:80 X:00 Y:40 P:27 SP:FB nv-bdIZC CYC:812
CA4F  F0 09     IR:F0 (BEQ,2) A:80 X:00 Y:40 P:25 SP:FB nv-bdIzC CYC:814
CA51  30 07     IR:30 (BMI,2) A:80 X:00 Y:40 P:25 SP:FB nv-bdIzC CYC:816
CA53  90 05     IR:90 (BCC,2) A:80 X:00 Y:40 P:25 SP:FB nv-bdIzC CYC:818
CA55  70 03     IR:70 (BVS,2) A:80 X:00 Y:40 P:25 SP:FB nv-bdIzC CYC:820
CA57  4C 5E CA  IR:4C (JMP,3) A:80 X:00 Y:40 P:25 SP:FB nv-bdIzC CYC:822
CA5E  EA        IR:EA (NOP,1) A:80 X:00 Y:40 P:25 SP:FB nv-bdIzC CYC:825
CA5F  C0 41     IR:C0 (CPY,2) A:80 X:00 Y:40 P:25 SP:FB nv-bdIzC CYC:827
CA61  F0 07     IR:F0 (BEQ,2) A:80 X:00 Y:40 P:A4 SP:FB Nv-bdIzc CYC:829
CA63  10 05     IR:10 (BPL,2) A:80 X:00 Y:40 P:A4 SP:FB Nv-bdIzc CYC:831
CA65  10 03     IR:10 (BPL,2) A:80 X:00 Y:40 P:A4 SP:FB Nv-bdIzc CYC:833
CA67  4C 6E CA  IR:4C (JMP,3) A:80 X:00 Y:40 P:A4 SP:FB Nv-bdIzc CYC:835
CA6E  EA        IR:EA (NOP,1) A:80 X:00 Y:40 P:A4 SP:FB Nv-bdIzc CYC:838
CA6F  A0 80     IR:A0 (LDY,2) A:80 X:00 Y:40 P:A4 SP:FB Nv-bdIzc CYC:840
CA71  C0 00     IR:C0 (CPY,2) A:80 X:00 Y:80 P:A4 SP:FB Nv-bdIzc CYC:842
CA73  F0 07     IR:F0 (BEQ,2) A:80 X:00 Y:80 P:A5 SP:FB Nv-bdIzC CYC:844
CA75  10 05     IR:10 (BPL,2) A:80 X:00 Y:80 P:A5 SP:FB Nv-bdIzC CYC:846
CA77  90 03     IR:90 (BCC,2) A:80 X:00 Y:80 P:A5 SP:FB Nv-bdIzC CYC:848
CA79  4C 80 CA  IR:4C (JMP,3) A:80 X:00 Y:80 P:A5 SP:FB Nv-bdIzC CYC:850
CA80  EA        IR:EA (NOP,1) A:80 X:00 Y:80 P:A5 SP:FB Nv-bdIzC CYC:853
CA81  C0 80     IR:C0 (CPY,2) A:80 X:00 Y:80 P:A5 SP:FB Nv-bdIzC CYC:855
CA83  D0 07     IR:D0 (BNE,2) A:80 X:00 Y:80 P:27 SP:FB nv-bdIZC CYC:857
CA85  30 05     IR:30 (BMI,2) A:80 X:00 Y:80 P:27 SP:FB nv-bdIZC CYC:859
CA87  90 03     IR:90 (BCC,2) A:80 X:00 Y:80 P:27 SP:FB nv-bdIZC CYC:861
CA89  4C 90 CA  IR:4C (JMP,3) A:80 X:00 Y:80 P:27 SP:FB nv-bdIZC CYC:863
CA90  EA        IR:EA (NOP,1) A:80 X:00 Y:80 P:27 SP:FB nv-bdIZC CYC:866
CA91  C0 81     IR:C0 (CPY,2) A:80 X:00 Y:80 P:27 SP:FB nv-bdIZC CYC:868
CA93  B0 07     IR:B0 (BCS,2) A:80 X:00 Y:80 P:A4 SP:FB Nv-bdIzc CYC:870
CA95  F0 05     IR:F0 (BEQ,2) A:80 X:00 Y:80 P:A4 SP:FB Nv-bdIzc CYC:872
CA97  10 03     IR:10 (BPL,2) A:80 X:00 Y:80 P:A4 SP:FB Nv-bdIzc CYC:874
CA99  4C A0 CA  IR:4C (JMP,3) A:80 X:00 Y:80 P:A4 SP:FB Nv-bdIzc CYC:876
CAA0  EA        IR:EA (NOP,1) A:80 X:00 Y:80 P:A4 SP:FB Nv-bdIzc CYC:879
CAA1  C0 7F     IR:C0 (CPY,2) A:80 X:00 Y:80 P:A4 SP:FB Nv-bdIzc CYC:881
CAA3  90 07     IR:90 (BCC,2) A:80 X:00 Y:80 P:25 SP:FB nv-bdIzC CYC:883
CAA5  F0 05     IR:F0 (BEQ,2) A:80 X:00 Y:80 P:25 SP:FB nv-bdIzC CYC:885
CAA7  30 03     IR:30 (BMI,2) A:80 X:00 Y:80 P:25 SP:FB nv-bdIzC CYC:887
CAA9  4C B0 CA  IR:4C (JMP,3) A:80 X:00 Y:80 P:25 SP:FB nv-bdIzC CYC:889
CAB0  EA        IR:EA (NOP,1) A:80 X:00 Y:80 P:25 SP:FB nv-bdIzC CYC:892
CAB1  24 01     IR:24 (BIT,2) A:80 X:00 Y:80 P:25 SP:FB nv-bdIzC CYC:894
CAB3  A2 40     IR:A2 (LDX,2) A:80 X:00 Y:80 P:E5 SP:FB NV-bdIzC CYC:897
CAB5  E0 40     IR:E0 (CPX,2) A:80 X:40 Y:80 P:65 SP:FB nV-bdIzC CYC:899
CAB7  D0 09     IR:D0 (BNE,2) A:80 X:40 Y:80 P:67 SP:FB nV-bdIZC CYC:901
CAB9  30 07     IR:30 (BMI,2) A:80 X:40 Y:80 P:67 SP:FB nV-bdIZC CYC:903
CABB  90 05     IR:90 (BCC,2) A:80 X:40 Y:80 P:67 SP:FB nV-bdIZC CYC:905
CABD  50 03     IR:50 (BVC,2) A:80 X:40 Y:80 P:67 SP:FB nV-bdIZC CYC:907
CABF  4C C6 CA  IR:4C (JMP,3) A:80 X:40 Y:80 P:67 SP:FB nV-bdIZC CYC:909
CAC6  EA        IR:EA (NOP,1) A:80 X:40 Y:80 P:67 SP:FB nV-bdIZC CYC:912
CAC7  B8        IR:B8 (CLV,1) A:80 X:40 Y:80 P:67 SP:FB nV-bdIZC CYC:914
CAC8  E0 3F     IR:E0 (CPX,2) A:80 X:40 Y:80 P:27 SP:FB nv-bdIZC CYC:916
CACA  F0 09     IR:F0 (BEQ,2) A:80 X:40 Y:80 P:25 SP:FB nv-bdIzC CYC:918
CACC  30 07     IR:30 (BMI,2) A:80 X:40 Y:80 P:25 SP:FB nv-bdIzC CYC:920
CACE  90 05     IR:90 (BCC,2) A:80 X:40 Y:80 P:25 SP:FB nv-bdIzC CYC:922
CAD0  70 03     IR:70 (BVS,2) A:80 X:40 Y:80 P:25 SP:FB nv-bdIzC CYC:924
CAD2  4C D9 CA  IR:4C (JMP,3) A:80 X:40 Y:80 P:25 SP:FB nv-bdIzC CYC:926
CAD9  EA        IR:EA (NOP,1) A:80 X:40 Y:80 P:25 SP:FB nv-bdIzC CYC:929
CADA  E0 41     IR:E0 (CPX,2) A:80 X:40 Y:80 P:25 SP:FB nv-bdIzC CYC:931
CADC  F0 07     IR:F0 (BEQ,2) A:80 X:40 Y:80 P:A4 SP:FB Nv-bdIzc CYC:933
CADE  10 05     IR:10 (BPL,2) A:80 X:40 Y:80 P:A4 SP:FB Nv-bdIzc CYC:935
CAE0  10 03     IR:10 (BPL,2) A:80 X:40 Y:80 P:A4 SP:FB Nv-bdIzc CYC:937
CAE2  4C E9 CA  IR:4C (JMP,3) A:80 X:40 Y:80 P:A4 SP:FB Nv-bdIzc CYC:939
CAE9  EA        IR:EA (NOP,1) A:80 X:40 Y:80 P:A4 SP:FB Nv-bdIzc CYC:942
CAEA  A2 80     IR:A2 (LDX,2) A:80 X:40 Y:80 P:A4 SP:FB Nv-bdIzc CYC:944
CAEC  E0 00     IR:E0 (CPX,2) A:80 X:80 Y:80 P:A4 SP:FB Nv-bdIzc CYC:946
CAEE  F0 07     IR:F0 (BEQ,2) A:80 X:80 Y:80 P:A5 SP:FB Nv-bdIzC CYC:948
CAF0  10 05     IR:10 (BPL,2) A:80 X:80 Y:80 P:A5 SP:FB Nv-bdIzC CYC:950
CAF2  90 03     IR:90 (BCC,2) A:80 X:80 Y:80 P:A5 SP:FB Nv-bdIzC CYC:952
CAF4  4C FB CA  IR:4C (JMP,3) A:80 X:80 Y:80 P:A5 SP:FB Nv-bdIzC CYC:954
CAFB  EA        IR:EA (NOP,1) A:80 X:80 Y:80 P:A5 SP:FB Nv-bdIzC CYC:957
CAFC  E0 80     IR:E0 (CPX,2) A:80 X:80 Y:80 P:A5 SP:FB Nv-bdIzC CYC:959
CAFE  D0 07     IR:D0 (BNE,2) A:80 X:80 Y:80 P:27 SP:FB nv-bdIZC CYC:961
CB00  30 05     IR:30 (BMI,2) A:80 X:80 Y:80 P:27 SP:FB nv-bdIZC CYC:963
CB02  90 03     IR:90 (BCC,2) A:80 X:80 Y:80 P:27 SP:FB nv-bdIZC CYC:965
CB04  4C 0B CB  IR:4C (JMP,3) A:80 X:80 Y:80 P:27 SP:FB nv-bdIZC CYC:967
CB0B  EA        IR:EA (NOP,1) A:80 X:80 Y:80 P:27 SP:FB nv-bdIZC CYC:970
CB0C  E0 81     IR:E0 (CPX,2) A:80 X:80 Y:80 P:27 SP:FB nv-bdIZC CYC:972
CB0E  B0 07     IR:B0 (BCS,2) A:80 X:80 Y:80 P:A4 SP:FB Nv-bdIzc CYC:974
CB10  F0 05     IR:F0 (BEQ,2) A:80 X:80 Y:80 P:A4 SP:FB Nv-bdIzc CYC:976
CB12  10 03     IR:10 (BPL,2) A:80 X:80 Y:80 P:A4 SP:FB Nv-bdIzc CYC:978
CB14  4C 1B CB  IR:4C (JMP,3) A:80 X:80 Y:80 P:A4 SP:FB Nv-bdIzc CYC:980
CB1B  EA        IR:EA (NOP,1) A:80 X:80 Y:80 P:A4 SP:FB Nv-bdIzc CYC:983
CB1C  E0 7F     IR:E0 (CPX,2) A:80 X:80 Y:80 P:A4 SP:FB Nv-bdIzc CYC:985
CB1E  90 07     IR:90 (BCC,2) A:80 X:80 Y:80 P:25 SP:FB nv-bdIzC CYC:987
CB20  F0 05     IR:F0 (BEQ,2) A:80 X:80 Y:80 P:25 SP:FB nv-bdIzC CYC:989
CB22  30 03     IR:30 (BMI,2) A:80 X:80 Y:80 P:25 SP:FB nv-bdIzC CYC:991
CB24  4C 2B CB  IR:4C (JMP,3) A:80 X:80 Y:80 P:25 SP:FB nv-bdIzC CYC:993
CB2B  EA        IR:EA (NOP,1) A:80 X:80 Y:80 P:25 SP:FB nv-bdIzC CYC:996
CB2C  38        IR:38 (SEC,1) A:80 X:80 Y:80 P:25 SP:FB nv-bdIzC CYC:998
CB2D  B8        IR:B8 (CLV,1) A:80 X:80 Y:80 P:25 SP:FB nv-bdIzC CYC:1000
CB2E  A2 9F     IR:A2 (LDX,2) A:80 X:80 Y:80 P:25 SP:FB nv-bdIzC CYC:1002
CB30  F0 09     IR:F0 (BEQ,2) A:80 X:9F Y:80 P:A5 SP:FB Nv-bdIzC CYC:1004
CB32  10 07     IR:10 (BPL,2) A:80 X:9F Y:80 P:A5 SP:FB Nv-bdIzC CYC:1006
CB34  70 05     IR:70 (BVS,2) A:80 X:9F Y:80 P:A5 SP:FB Nv-bdIzC CYC:1008
CB36  90 03     IR:90 (BCC,2) A:80 X:9F Y:80 P:A5 SP:FB Nv-bdIzC CYC:1010
CB38  4C 3F CB  IR:4C (JMP,3) A:80 X:9F Y:80 P:A5 SP:FB Nv-bdIzC CYC:1012
CB3F  EA        IR:EA (NOP,1) A:80 X:9F Y:80 P:A5 SP:FB Nv-bdIzC CYC:1015
CB40  18        IR:18 (CLC,1) A:80 X:9F Y:80 P:A5 SP:FB Nv-bdIzC CYC:1017
CB41  24 01     IR:24 (BIT,2) A:80 X:9F Y:80 P:A4 SP:FB Nv-bdIzc CYC:1019
CB43  A2 00     IR:A2 (LDX,2) A:80 X:9F Y:80 P:E4 SP:FB NV-bdIzc CYC:1022
CB45  D0 09     IR:D0 (BNE,2) A:80 X:00 Y:80 P:66 SP:FB nV-bdIZc CYC:1024
CB47  30 07     IR:30 (BMI,2) A:80 X:00 Y:80 P:66 SP:FB nV-bdIZc CYC:1026
CB49  50 05     IR:50 (BVC,2) A:80 X:00 Y:80 P:66 SP:FB nV-bdIZc CYC:1028
CB4B  B0 03     IR:B0 (BCS,2) A:80 X:00 Y:80 P:66 SP:FB nV-bdIZc CYC:1030
CB4D  4C 54 CB  IR:4C (JMP,3) A:80 X:00 Y:80 P:66 SP:FB nV-bdIZc CYC:1032
CB54  EA        IR:EA (NOP,1) A:80 X:00 Y:80 P:66 SP:FB nV-bdIZc CYC:1035
CB55  38        IR:38 (SEC,1) A:80 X:00 Y:80 P:66 SP:FB nV-bdIZc CYC:1037
CB56  B8        IR:B8 (CLV,1) A:80 X:00 Y:80 P:67 SP:FB nV-bdIZC CYC:1039
CB57  A0 9F     IR:A0 (LDY,2) A:80 X:00 Y:80 P:27 SP:FB nv-bdIZC CYC:1041
CB59  F0 09     IR:F0 (BEQ,2) A:80 X:00 Y:9F P:A5 SP:FB Nv-bdIzC CYC:1043
CB5B  10 07     IR:10 (BPL,2) A:80 X:00 Y:9F P:A5 SP:FB Nv-bdIzC CYC:1045
CB5D  70 05     IR:70 (BVS,2) A:80 X:00 Y:9F P:A5 SP:FB Nv-bdIzC CYC:1047
CB5F  90 03     IR:90 (BCC,2) A:80 X:00 Y:9F P:A5 SP:FB Nv-bdIzC CYC:1049
CB61  4C 68 CB  IR:4C (JMP,3) A:80 X:00 Y:9F P:A5 SP:FB Nv-bdIzC CYC:1051
CB68  EA        IR:EA (NOP,1) A:80 X:00 Y:9F P:A5 SP:FB Nv-bdIzC CYC:1054
CB69  18        IR:18 (CLC,1) A:80 X:00 Y:9F P:A5 SP:FB Nv-bdIzC CYC:1056
CB6A  24 01     IR:24 (BIT,2) A:80 X:00 Y:9F P:A4 SP:FB Nv-bdIzc CYC:1058
CB6C  A0 00     IR:A0 (LDY,2) A:80 X:00 Y:9F P:E4 SP:FB NV-bdIzc CYC:1061
CB6E  D0 09     IR:D0 (BNE,2) A:80 X:00 Y:00 P:66 SP:FB nV-bdIZc CYC:1063
CB70  30 07     IR:30 (BMI,2) A:80 X:00 Y:00 P:66 SP:FB nV-bdIZc CYC:1065
CB72  50 05     IR:50 (BVC,2) A:80 X:00 Y:00 P:66 SP:FB nV-bdIZc CYC:1067
CB74  B0 03     IR:B0 (BCS,2) A:80 X:00 Y:00 P:66 SP:FB nV-bdIZc CYC:1069
CB76  4C 7D CB  IR:4C (JMP,3) A:80 X:00 Y:00 P:66 SP:FB nV-bdIZc CYC:1071
CB7D  EA        IR:EA (NOP,1) A:80 X:00 Y:00 P:66 SP:FB nV-bdIZc CYC:1074
CB7E  A9 55     IR:A9 (LDA,2) A:80 X:00 Y:00 P:66 SP:FB nV-bdIZc CYC:1076
CB80  A2 AA     IR:A2 (LDX,2) A:55 X:00 Y:00 P:64 SP:FB nV-bdIzc CYC:1078
CB82  A0 33     IR:A0 (LDY,2) A:55 X:AA Y:00 P:E4 SP:FB NV-bdIzc CYC:1080
CB84  C9 55     IR:C9 (CMP,2) A:55 X:AA Y:33 P:64 SP:FB nV-bdIzc CYC:1082
CB86  D0 23     IR:D0 (BNE,2) A:55 X:AA Y:33 P:67 SP:FB nV-bdIZC CYC:1084
CB88  E0 AA     IR:E0 (CPX,2) A:55 X:AA Y:33 P:67 SP:FB nV-bdIZC CYC:1086
CB8A  D0 1F     IR:D0 (BNE,2) A:55 X:AA Y:33 P:67 SP:FB nV-bdIZC CYC:1088
CB8C  C0 33     IR:C0 (CPY,2) A:55 X:AA Y:33 P:67 SP:FB nV-bdIZC CYC:1090
CB8E  D0 1B     IR:D0 (BNE,2) A:55 X:AA Y:33 P:67 SP:FB nV-bdIZC CYC:1092
CB90  C9 55     IR:C9 (CMP,2) A:55 X:AA Y:33 P:67 SP:FB nV-bdIZC CYC:1094
CB92  D0 17     IR:D0 (BNE,2) A:55 X:AA Y:33 P:67 SP:FB nV-bdIZC CYC:1096
CB94  E0 AA     IR:E0 (CPX,2) A:55 X:AA Y:33 P:67 SP:FB nV-bdIZC CYC:1098
CB96  D0 13     IR:D0 (BNE,2) A:55 X:AA Y:33 P:67 SP:FB nV-bdIZC CYC:1100
CB98  C0 33     IR:C0 (CPY,2) A:55 X:AA Y:33 P:67 SP:FB nV-bdIZC CYC:1102
CB9A  D0 0F     IR:D0 (BNE,2) A:55 X:AA Y:33 P:67 SP:FB nV-bdIZC CYC:1104
CB9C  C9 56     IR:C9 (CMP,2) A:55 X:AA Y:33 P:67 SP:FB nV-bdIZC CYC:1106
CB9E  F0 0B     IR:F0 (BEQ,2) A:55 X:AA Y:33 P:E4 SP:FB NV-bdIzc CYC:1108
CBA0  E0 AB     IR:E0 (CPX,2) A:55 X:AA Y:33 P:E4 SP:FB NV-bdIzc CYC:1110
CBA2  F0 07     IR:F0 (BEQ,2) A:55 X:AA Y:33 P:E4 SP:FB NV-bdIzc CYC:1112
CBA4  C0 34     IR:C0 (CPY,2) A:55 X:AA Y:33 P:E4 SP:FB NV-bdIzc CYC:1114
CBA6  F0 03     IR:F0 (BEQ,2) A:55 X:AA Y:33 P:E4 SP:FB NV-bdIzc CYC:1116
CBA8  4C AF CB  IR:4C (JMP,3) A:55 X:AA Y:33 P:E4 SP:FB NV-bdIzc CYC:1118
CBAF  A0 71     IR:A0 (LDY,2) A:55 X:AA Y:33 P:E4 SP:FB NV-bdIzc CYC:1121
CBB1  20 31 F9  IR:20 (JSR,3) A:55 X:AA Y:71 P:64 SP:FB nV-bdIzc CYC:1123
F931  24 01     IR:24 (BIT,2) A:55 X:AA Y:71 P:64 SP:F9 nV-bdIzc CYC:1129
F933  A9 40     IR:A9 (LDA,2) A:55 X:AA Y:71 P:E4 SP:F9 NV-bdIzc CYC:1132
F935  38        IR:38 (SEC,1) A:40 X:AA Y:71 P:64 SP:F9 nV-bdIzc CYC:1134
F936  60        IR:60 (RTS,1) A:40 X:AA Y:71 P:65 SP:F9 nV-bdIzC CYC:1136
CBB4  E9 40     IR:E9 (SBC,2) A:40 X:AA Y:71 P:65 SP:FB nV-bdIzC CYC:1142
CBB6  20 37 F9  IR:20 (JSR,3) A:00 X:AA Y:71 P:27 SP:FB nv-bdIZC CYC:1144
F937  30 0B     IR:30 (BMI,2) A:00 X:AA Y:71 P:27 SP:F9 nv-bdIZC CYC:1150
F939  90 09     IR:90 (BCC,2) A:00 X:AA Y:71 P:27 SP:F9 nv-bdIZC CYC:1152
F93B  D0 07     IR:D0 (BNE,2) A:00 X:AA Y:71 P:27 SP:F9 nv-bdIZC CYC:1154
F93D  70 05     IR:70 (BVS,2) A:00 X:AA Y:71 P:27 SP:F9 nv-bdIZC CYC:1156
F93F  C9 00     IR:C9 (CMP,2) A:00 X:AA Y:71 P:27 SP:F9 nv-bdIZC CYC:1158
F941  D0 01     IR:D0 (BNE,2) A:00 X:AA Y:71 P:27 SP:F9 nv-bdIZC CYC:1160
F943  60        IR:60 (RTS,1) A:00 X:AA Y:71 P:27 SP:F9 nv-bdIZC CYC:1162
CBB9  C8        IR:C8 (INY,1) A:00 X:AA Y:71 P:27 SP:FB nv-bdIZC CYC:1168
CBBA  20 47 F9  IR:20 (JSR,3) A:00 X:AA Y:72 P:25 SP:FB nv-bdIzC CYC:1170
F947  B8        IR:B8 (CLV,1) A:00 X:AA Y:72 P:25 SP:F9 nv-bdIzC CYC:1176
F948  38        IR:38 (SEC,1) A:00 X:AA Y:72 P:25 SP:F9 nv-bdIzC CYC:1178
F949  A9 40     IR:A9 (LDA,2) A:00 X:AA Y:72 P:25 SP:F9 nv-bdIzC CYC:1180
F94B  60        IR:60 (RTS,1) A:40 X:AA Y:72 P:25 SP:F9 nv-bdIzC CYC:1182
CBBD  E9 3F     IR:E9 (SBC,2) A:40 X:AA Y:72 P:25 SP:FB nv-bdIzC CYC:1188
CBBF  20 4C F9  IR:20 (JSR,3) A:01 X:AA Y:72 P:25 SP:FB nv-bdIzC CYC:1190
F94C  F0 0B     IR:F0 (BEQ,2) A:01 X:AA Y:72 P:25 SP:F9 nv-bdIzC CYC:1196
F94E  30 09     IR:30 (BMI,2) A:01 X:AA Y:72 P:25 SP:F9 nv-bdIzC CYC:1198
F950  90 07     IR:90 (BCC,2) A:01 X:AA Y:72 P:25 SP:F9 nv-bdIzC CYC:1200
F952  70 05     IR:70 (BVS,2) A:01 X:AA Y:72 P:25 SP:F9 nv-bdIzC CYC:1202
F954  C9 01     IR:C9 (CMP,2) A:01 X:AA Y:72 P:25 SP:F9 nv-bdIzC CYC:1204
F956  D0 01     IR:D0 (BNE,2) A:01 X:AA Y:72 P:27 SP:F9 nv-bdIZC CYC:1206
F958  60        IR:60 (RTS,1) A:01 X:AA Y:72 P:27 SP:F9 nv-bdIZC CYC:1208
CBC2  C8        IR:C8 (INY,1) A:01 X:AA Y:72 P:27 SP:FB nv-bdIZC CYC:1214
CBC3  20 5C F9  IR:20 (JSR,3) A:01 X:AA Y:73 P:25 SP:FB nv-bdIzC CYC:1216
F95C  A9 40     IR:A9 (LDA,2) A:01 X:AA Y:73 P:25 SP:F9 nv-bdIzC CYC:1222
F95E  38        IR:38 (SEC,1) A:40 X:AA Y:73 P:25 SP:F9 nv-bdIzC CYC:1224
F95F  24 01     IR:24 (BIT,2) A:40 X:AA Y:73 P:25 SP:F9 nv-bdIzC CYC:1226
F961  60        IR:60 (RTS,1) A:40 X:AA Y:73 P:E5 SP:F9 NV-bdIzC CYC:1229
CBC6  E9 41     IR:E9 (SBC,2) A:40 X:AA Y:73 P:E5 SP:FB NV-bdIzC CYC:1235
CBC8  20 62 F9  IR:20 (JSR,3) A:FF X:AA Y:73 P:A4 SP:FB Nv-bdIzc CYC:1237
F962  B0 0B     IR:B0 (BCS,2) A:FF X:AA Y:73 P:A4 SP:F9 Nv-bdIzc CYC:1243
F964  F0 09     IR:F0 (BEQ,2) A:FF X:AA Y:73 P:A4 SP:F9 Nv-bdIzc CYC:1245
F966  10 07     IR:10 (BPL,2) A:FF X:AA Y:73 P:A4 SP:F9 Nv-bdIzc CYC:1247
F968  70 05     IR:70 (BVS,2) A:FF X:AA Y:73 P:A4 SP:F9 Nv-bdIzc CYC:1249
F96A  C9 FF     IR:C9 (CMP,2) A:FF X:AA Y:73 P:A4 SP:F9 Nv-bdIzc CYC:1251
F96C  D0 01     IR:D0 (BNE,2) A:FF X:AA Y:73 P:27 SP:F9 nv-bdIZC CYC:1253
F96E  60        IR:60 (RTS,1) A:FF X:AA Y:73 P:27 SP:F9 nv-bdIZC CYC:1255
CBCB  C8        IR:C8 (INY,1) A:FF X:AA Y:73 P:27 SP:FB nv-bdIZC CYC:1261
CBCC  20 72 F9  IR:20 (JSR,3) A:FF X:AA Y:74 P:25 SP:FB nv-bdIzC CYC:1263
F972  18        IR:18 (CLC,1) A:FF X:AA Y:74 P:25 SP:F9 nv-bdIzC CYC:1269
F973  A9 80     IR:A9 (LDA,2) A:FF X:AA Y:74 P:24 SP:F9 nv-bdIzc CYC:1271
F975  60        IR:60 (RTS,1) A:80 X:AA Y:74 P:A4 SP:F9 Nv-bdIzc CYC:1273
CBCF  E9 00     IR:E9 (SBC,2) A:80 X:AA Y:74 P:A4 SP:FB Nv-bdIzc CYC:1279
CBD1  20 76 F9  IR:20 (JSR,3) A:7F X:AA Y:74 P:65 SP:FB nV-bdIzC CYC:1281
F976  90 05     IR:90 (BCC,2) A:7F X:AA Y:74 P:65 SP:F9 nV-bdIzC CYC:1287
F978  C9 7F     IR:C9 (CMP,2) A:7F X:AA Y:74 P:65 SP:F9 nV-bdIzC CYC:1289
F97A  D0 01     IR:D0 (BNE,2) A:7F X:AA Y:74 P:67 SP:F9 nV-bdIZC CYC:1291
F97C  60        IR:60 (RTS,1) A:7F X:AA Y:74 P:67 SP:F9 nV-bdIZC CYC:1293
CBD4  C8        IR:C8 (INY,1) A:7F X:AA Y:74 P:67 SP:FB nV-bdIZC CYC:1299
CBD5  20 80 F9  IR:20 (JSR,3) A:7F X:AA Y:75 P:65 SP:FB nV-bdIzC CYC:1301
F980  38        IR:38 (SEC,1) A:7F X:AA Y:75 P:65 SP:F9 nV-bdIzC CYC:1307
F981  A9 81     IR:A9 (LDA,2) A:7F X:AA Y:75 P:65 SP:F9 nV-bdIzC CYC:1309
F983  60        IR:60 (RTS,1) A:81 X:AA Y:75 P:E5 SP:F9 NV-bdIzC CYC:1311
CBD8  E9 7F     IR:E9 (SBC,2) A:81 X:AA Y:75 P:E5 SP:FB NV-bdIzC CYC:1317
CBDA  20 84 F9  IR:20 (JSR,3) A:02 X:AA Y:75 P:65 SP:FB nV-bdIzC CYC:1319
F984  50 07     IR:50 (BVC,2) A:02 X:AA Y:75 P:65 SP:F9 nV-bdIzC CYC:1325
F986  90 05     IR:90 (BCC,2) A:02 X:AA Y:75 P:65 SP:F9 nV-bdIzC CYC:1327
F988  C9 02     IR:C9 (CMP,2) A:02 X:AA Y:75 P:65 SP:F9 nV-bdIzC CYC:1329
F98A  D0 01     IR:D0 (BNE,2) A:02 X:AA Y:75 P:67 SP:F9 nV-bdIZC CYC:1331
F98C  60        IR:60 (RTS,1) A:02 X:AA Y:75 P:67 SP:F9 nV-bdIZC CYC:1333
CBDD  60        IR:60 (RTS,1) A:02 X:AA Y:75 P:67 SP:FB nV-bdIZC CYC:1339
C606  20 DE CB  IR:20 (JSR,3) A:02 X:AA Y:75 P:67 SP:FD nV-bdIZC CYC:1345
CBDE  EA        IR:EA (NOP,1) A:02 X:AA Y:75 P:67 SP:FB nV-bdIZC CYC:1351
CBDF  A9 FF     IR:A9 (LDA,2) A:02 X:AA Y:75 P:67 SP:FB nV-bdIZC CYC:1353
CBE1  85 01     IR:85 (STA,2) A:FF X:AA Y:75 P:E5 SP:FB NV-bdIzC CYC:1355
CBE3  A9 44     IR:A9 (LDA,2) A:FF X:AA Y:75 P:E5 SP:FB NV-bdIzC CYC:1358
CBE5  A2 55     IR:A2 (LDX,2) A:44 X:AA Y:75 P:65 SP:FB nV-bdIzC CYC:1360
CBE7  A0 66     IR:A0 (LDY,2) A:44 X:55 Y:75 P:65 SP:FB nV-bdIzC CYC:1362
CBE9  E8        IR:E8 (INX,1) A:44 X:55 Y:66 P:65 SP:FB nV-bdIzC CYC:1364
CBEA  88        IR:88 (DEY,1) A:44 X:56 Y:66 P:65 SP:FB nV-bdIzC CYC:1366
CBEB  E0 56     IR:E0 (CPX,2) A:44 X:56 Y:65 P:65 SP:FB nV-bdIzC CYC:1368
CBED  D0 21     IR:D0 (BNE,2) A:44 X:56 Y:65 P:67 SP:FB nV-bdIZC CYC:1370
CBEF  C0 65     IR:C0 (CPY,2) A:44 X:56 Y:65 P:67 SP:FB nV-bdIZC CYC:1372
CBF1  D0 1D     IR:D0 (BNE,2) A:44 X:56 Y:65 P:67 SP:FB nV-bdIZC CYC:1374
CBF3  E8        IR:E8 (INX,1) A:44 X:56 Y:65 P:67 SP:FB nV-bdIZC CYC:1376
CBF4  E8        IR:E8 (INX,1) A:44 X:57 Y:65 P:65 SP:FB nV-bdIzC CYC:1378
CBF5  88        IR:88 (DEY,1) A:44 X:58 Y:65 P:65 SP:FB nV-bdIzC CYC:1380
CBF6  88        IR:88 (DEY,1) A:44 X:58 Y:64 P:65 SP:FB nV-bdIzC CYC:1382
CBF7  E0 58     IR:E0 (CPX,2) A:44 X:58 Y:63 P:65 SP:FB nV-bdIzC CYC:1384
CBF9  D0 15     IR:D0 (BNE,2) A:44 X:58 Y:63 P:67 SP:FB nV-bdIZC CYC:1386
CBFB  C0 63     IR:C0 (CPY,2) A:44 X:58 Y:63 P:67 SP:FB nV-bdIZC CYC:1388
CBFD  D0 11     IR:D0 (BNE,2) A:44 X:58 Y:63 P:67 SP:FB nV-bdIZC CYC:1390
CBFF  CA        IR:CA (DEX,1) A:44 X:58 Y:63 P:67 SP:FB nV-bdIZC CYC:1392
CC00  C8        IR:C8 (INY,1) A:44 X:57 Y:63 P:65 SP:FB nV-bdIzC CYC:1394
CC01  E0 57     IR:E0 (CPX,2) A:44 X:57 Y:64 P:65 SP:FB nV-bdIzC CYC:1396
CC03  D0 0B     IR:D0 (BNE,2) A:44 X:57 Y:64 P:67 SP:FB nV-bdIZC CYC:1398
CC05  C0 64     IR:C0 (CPY,2) A:44 X:57 Y:64 P:67 SP:FB nV-bdIZC CYC:1400
CC07  D0 07     IR:D0 (BNE,2) A:44 X:57 Y:64 P:67 SP:FB nV-bdIZC CYC:1402
CC09  C9 44     IR:C9 (CMP,2) A:44 X:57 Y:64 P:67 SP:FB nV-bdIZC CYC:1404
CC0B  D0 03     IR:D0 (BNE,2) A:44 X:57 Y:64 P:67 SP:FB nV-bdIZC CYC:1406
CC0D  4C 14 CC  IR:4C (JMP,3) A:44 X:57 Y:64 P:67 SP:FB nV-bdIZC CYC:1408
CC14  EA        IR:EA (NOP,1) A:44 X:57 Y:64 P:67 SP:FB nV-bdIZC CYC:1411
CC15  38        IR:38 (SEC,1) A:44 X:57 Y:64 P:67 SP:FB nV-bdIZC CYC:1413
CC16  A2 69     IR:A2 (LDX,2) A:44 X:57 Y:64 P:67 SP:FB nV-bdIZC CYC:1415
CC18  A9 96     IR:A9 (LDA,2) A:44 X:69 Y:64 P:65 SP:FB nV-bdIzC CYC:1417
CC1A  24 01     IR:24 (BIT,2) A:96 X:69 Y:64 P:E5 SP:FB NV-bdIzC CYC:1419
CC1C  A0 FF     IR:A0 (LDY,2) A:96 X:69 Y:64 P:E5 SP:FB NV-bdIzC CYC:1422
CC1E  C8        IR:C8 (INY,1) A:96 X:69 Y:FF P:E5 SP:FB NV-bdIzC CYC:1424
CC1F  D0 3D     IR:D0 (BNE,2) A:96 X:69 Y:00 P:67 SP:FB nV-bdIZC CYC:1426
CC21  30 3B     IR:30 (BMI,2) A:96 X:69 Y:00 P:67 SP:FB nV-bdIZC CYC:1428
CC23  90 39     IR:90 (BCC,2) A:96 X:69 Y:00 P:67 SP:FB nV-bdIZC CYC:1430
CC25  50 37     IR:50 (BVC,2) A:96 X:69 Y:00 P:67 SP:FB nV-bdIZC CYC:1432
CC27  C0 00     IR:C0 (CPY,2) A:96 X:69 Y:00 P:67 SP:FB nV-bdIZC CYC:1434
CC29  D0 33     IR:D0 (BNE,2) A:96 X:69 Y:00 P:67 SP:FB nV-bdIZC CYC:1436
CC2B  C8        IR:C8 (INY,1) A:96 X:69 Y:00 P:67 SP:FB nV-bdIZC CYC:1438
CC2C  F0 30     IR:F0 (BEQ,2) A:96 X:69 Y:01 P:65 SP:FB nV-bdIzC CYC:1440
CC2E  30 2E     IR:30 (BMI,2) A:96 X:69 Y:01 P:65 SP:FB nV-bdIzC CYC:1442
CC30  90 2C     IR:90 (BCC,2) A:96 X:69 Y:01 P:65 SP:FB nV-bdIzC CYC:1444
CC32  50 2A     IR:50 (BVC,2) A:96 X:69 Y:01 P:65 SP:FB nV-bdIzC CYC:1446
CC34  18        IR:18 (CLC,1) A:96 X:69 Y:01 P:65 SP:FB nV-bdIzC CYC:1448
CC35  B8        IR:B8 (CLV,1) A:96 X:69 Y:01 P:64 SP:FB nV-bdIzc CYC:1450
CC36  A0 00     IR:A0 (LDY,2) A:96 X:69 Y:01 P:24 SP:FB nv-bdIzc CYC:1452
CC38  88        IR:88 (DEY,1) A:96 X:69 Y:00 P:26 SP:FB nv-bdIZc CYC:1454
CC39  F0 23     IR:F0 (BEQ,2) A:96 X:69 Y:FF P:A4 SP:FB Nv-bdIzc CYC:1456
CC3B  10 21     IR:10 (BPL,2) A:96 X:69 Y:FF P:A4 SP:FB Nv-bdIzc CYC:1458
CC3D  B0 1F     IR:B0 (BCS,2) A:96 X:69 Y:FF P:A4 SP:FB Nv-bdIzc CYC:1460
CC3F  70 1D     IR:70 (BVS,2) A:96 X:69 Y:FF P:A4 SP:FB Nv-bdIzc CYC:1462
CC41  C0 FF     IR:C0 (CPY,2) A:96 X:69 Y:FF P:A4 SP:FB Nv-bdIzc CYC:1464
CC43  D0 19     IR:D0 (BNE,2) A:96 X:69 Y:FF P:27 SP:FB nv-bdIZC CYC:1466
CC45  18        IR:18 (CLC,1) A:96 X:69 Y:FF P:27 SP:FB nv-bdIZC CYC:1468
CC46  88        IR:88 (DEY,1) A:96 X:69 Y:FF P:26 SP:FB nv-bdIZc CYC:1470
CC47  F0 15     IR:F0 (BEQ,2) A:96 X:69 Y:FE P:A4 SP:FB Nv-bdIzc CYC:1472
CC49  10 13     IR:10 (BPL,2) A:96 X:69 Y:FE P:A4 SP:FB Nv-bdIzc CYC:1474
CC4B  B0 11     IR:B0 (BCS,2) A:96 X:69 Y:FE P:A4 SP:FB Nv-bdIzc CYC:1476
CC4D  70 0F     IR:70 (BVS,2) A:96 X:69 Y:FE P:A4 SP:FB Nv-bdIzc CYC:1478
CC4F  C0 FE     IR:C0 (CPY,2) A:96 X:69 Y:FE P:A4 SP:FB Nv-bdIzc CYC:1480
CC51  D0 0B     IR:D0 (BNE,2) A:96 X:69 Y:FE P:27 SP:FB nv-bdIZC CYC:1482
CC53  C9 96     IR:C9 (CMP,2) A:96 X:69 Y:FE P:27 SP:FB nv-bdIZC CYC:1484
CC55  D0 07     IR:D0 (BNE,2) A:96 X:69 Y:FE P:27 SP:FB nv-bdIZC CYC:1486
CC57  E0 69     IR:E0 (CPX,2) A:96 X:69 Y:FE P:27 SP:FB nv-bdIZC CYC:1488
CC59  D0 03     IR:D0 (BNE,2) A:96 X:69 Y:FE P:27 SP:FB nv-bdIZC CYC:1490
CC5B  4C 62 CC  IR:4C (JMP,3) A:96 X:69 Y:FE P:27 SP:FB nv-bdIZC CYC:1492
CC62  EA        IR:EA (NOP,1) A:96 X:69 Y:FE P:27 SP:FB nv-bdIZC CYC:1495
CC63  38        IR:38 (SEC,1) A:96 X:69 Y:FE P:27 SP:FB nv-bdIZC CYC:1497
CC64  A0 69     IR:A0 (LDY,2) A:96 X:69 Y:FE P:27 SP:FB nv-bdIZC CYC:1499
CC66  A9 96     IR:A9 (LDA,2) A:96 X:69 Y:69 P:25 SP:FB nv-bdIzC CYC:1501
CC68  24 01     IR:24 (BIT,2) A:96 X:69 Y:69 P:A5 SP:FB Nv-bdIzC CYC:1503
CC6A  A2 FF     IR:A2 (LDX,2) A:96 X:69 Y:69 P:E5 SP:FB NV-bdIzC CYC:1506
CC6C  E8        IR:E8 (INX,1) A:96 X:FF Y:69 P:E5 SP:FB NV-bdIzC CYC:1508
CC6D  D0 3D     IR:D0 (BNE,2) A:96 X:00 Y:69 P:67 SP:FB nV-bdIZC CYC:1510
CC6F  30 3B     IR:30 (BMI,2) A:96 X:00 Y:69 P:67 SP:FB nV-bdIZC CYC:1512
CC71  90 39     IR:90 (BCC,2) A:96 X:00 Y:69 P:67 SP:FB nV-bdIZC CYC:1514
CC73  50 37     IR:50 (BVC,2) A:96 X:00 Y:69 P:67 SP:FB nV-bdIZC CYC:1516
CC75  E0 00     IR:E0 (CPX,2) A:96 X:00 Y:69 P:67 SP:FB nV-bdIZC CYC:1518
CC77  D0 33     IR:D0 (BNE,2) A:96 X:00 Y:69 P:67 SP:FB nV-bdIZC CYC:1520
CC79  E8        IR:E8 (INX,1) A:96 X:00 Y:69 P:67 SP:FB nV-bdIZC CYC:1522
CC7A  F0 30     IR:F0 (BEQ,2) A:96 X:01 Y:69 P:65 SP:FB nV-bdIzC CYC:1524
CC7C  30 2E     IR:30 (BMI,2) A:96 X:01 Y:69 P:65 SP:FB nV-bdIzC CYC:1526
CC7E  90 2C     IR:90 (BCC,2) A:96 X:01 Y:69 P:65 SP:FB nV-bdIzC CYC:1528
CC80  50 2A     IR:50 (BVC,2) A:96 X:01 Y:69 P:65 SP:FB nV-bdIzC CYC:1530
CC82  18        IR:18 (CLC,1) A:96 X:01 Y:69 P:65 SP:FB nV-bdIzC CYC:1532
CC83  B8        IR:B8 (CLV,1) A:96 X:01 Y:69 P:64 SP:FB nV-bdIzc CYC:1534
CC84  A2 00     IR:A2 (LDX,2) A:96 X:01 Y:69 P:24 SP:FB nv-bdIzc CYC:1536
CC86  CA        IR:CA (DEX,1) A:96 X:00 Y:69 P:26 SP:FB nv-bdIZc CYC:1538
CC87  F0 23     IR:F0 (BEQ,2) A:96 X:FF Y:69 P:A4 SP:FB Nv-bdIzc CYC:1540
CC89  10 21     IR:10 (BPL,2) A:96 X:FF Y:69 P:A4 SP:FB Nv-bdIzc CYC:1542
CC8B  B0 1F     IR:B0 (BCS,2) A:96 X:FF Y:69 P:A4 SP:FB Nv-bdIzc CYC:1544
CC8D  70 1D     IR:70 (BVS,2) A:96 X:FF Y:69 P:A4 SP:FB Nv-bdIzc CYC:1546
CC8F  E0 FF     IR:E0 (CPX,2) A:96 X:FF Y:69 P:A4 SP:FB Nv-bdIzc CYC:1548
CC91  D0 19     IR:D0 (BNE,2) A:96 X:FF Y:69 P:27 SP:FB nv-bdIZC CYC:1550
CC93  18        IR:18 (CLC,1) A:96 X:FF Y:69 P:27 SP:FB nv-bdIZC CYC:1552
CC94  CA        IR:CA (DEX,1) A:96 X:FF Y:69 P:26 SP:FB nv-bdIZc CYC:1554
CC95  F0 15     IR:F0 (BEQ,2) A:96 X:FE Y:69 P:A4 SP:FB Nv-bdIzc CYC:1556
CC97  10 13     IR:10 (BPL,2) A:96 X:FE Y:69 P:A4 SP:FB Nv-bdIzc CYC:1558
CC99  B0 11     IR:B0 (BCS,2) A:96 X:FE Y:69 P:A4 SP:FB Nv-bdIzc CYC:1560
CC9B  70 0F     IR:70 (BVS,2) A:96 X:FE Y:69 P:A4 SP:FB Nv-bdIzc CYC:1562
CC9D  E0 FE     IR:E0 (CPX,2) A:96 X:FE Y:69 P:A4 SP:FB Nv-bdIzc CYC:1564
CC9F  D0 0B     IR:D0 (BNE,2) A:96 X:FE Y:69 P:27 SP:FB nv-bdIZC CYC:1566
CCA1  C9 96     IR:C9 (CMP,2) A:96 X:FE Y:69 P:27 SP:FB nv-bdIZC CYC:1568
CCA3  D0 07     IR:D0 (BNE,2) A:96 X:FE Y:69 P:27 SP:FB nv-bdIZC CYC:1570
CCA5  C0 69     IR:C0 (CPY,2) A:96 X:FE Y:69 P:27 SP:FB nv-bdIZC CYC:1572
CCA7  D0 03     IR:D0 (BNE,2) A:96 X:FE Y:69 P:27 SP:FB nv-bdIZC CYC:1574
CCA9  4C B0 CC  IR:4C (JMP,3) A:96 X:FE Y:69 P:27 SP:FB nv-bdIZC CYC:1576
CCB0  EA        IR:EA (NOP,1) A:96 X:FE Y:69 P:27 SP:FB nv-bdIZC CYC:1579
CCB1  A9 85     IR:A9 (LDA,2) A:96 X:FE Y:69 P:27 SP:FB nv-bdIZC CYC:1581
CCB3  A2 34     IR:A2 (LDX,2) A:85 X:FE Y:69 P:A5 SP:FB Nv-bdIzC CYC:1583
CCB5  A0 99     IR:A0 (LDY,2) A:85 X:34 Y:69 P:25 SP:FB nv-bdIzC CYC:1585
CCB7  18        IR:18 (CLC,1) A:85 X:34 Y:99 P:A5 SP:FB Nv-bdIzC CYC:1587
CCB8  24 01     IR:24 (BIT,2) A:85 X:34 Y:99 P:A4 SP:FB Nv-bdIzc CYC:1589
CCBA  A8        IR:A8 (TAY,1) A:85 X:34 Y:99 P:E4 SP:FB NV-bdIzc CYC:1592
CCBB  F0 2E     IR:F0 (BEQ,2) A:85 X:34 Y:85 P:E4 SP:FB NV-bdIzc CYC:1594
CCBD  B0 2C     IR:B0 (BCS,2) A:85 X:34 Y:85 P:E4 SP:FB NV-bdIzc CYC:1596
CCBF  50 2A     IR:50 (BVC,2) A:85 X:34 Y:85 P:E4 SP:FB NV-bdIzc CYC:1598
CCC1  10 28     IR:10 (BPL,2) A:85 X:34 Y:85 P:E4 SP:FB NV-bdIzc CYC:1600
CCC3  C9 85     IR:C9 (CMP,2) A:85 X:34 Y:85 P:E4 SP:FB NV-bdIzc CYC:1602
CCC5  D0 24     IR:D0 (BNE,2) A:85 X:34 Y:85 P:67 SP:FB nV-bdIZC CYC:1604
CCC7  E0 34     IR:E0 (CPX,2) A:85 X:34 Y:85 P:67 SP:FB nV-bdIZC CYC:1606
CCC9  D0 20     IR:D0 (BNE,2) A:85 X:34 Y:85 P:67 SP:FB nV-bdIZC CYC:1608
CCCB  C0 85     IR:C0 (CPY,2) A:85 X:34 Y:85 P:67 SP:FB nV-bdIZC CYC:1610
CCCD  D0 1C     IR:D0 (BNE,2) A:85 X:34 Y:85 P:67 SP:FB nV-bdIZC CYC:1612
CCCF  A9 00     IR:A9 (LDA,2) A:85 X:34 Y:85 P:67 SP:FB nV-bdIZC CYC:1614
CCD1  38        IR:38 (SEC,1) A:00 X:34 Y:85 P:67 SP:FB nV-bdIZC CYC:1616
CCD2  B8        IR:B8 (CLV,1) A:00 X:34 Y:85 P:67 SP:FB nV-bdIZC CYC:1618
CCD3  A8        IR:A8 (TAY,1) A:00 X:34 Y:85 P:27 SP:FB nv-bdIZC CYC:1620
CCD4  D0 15     IR:D0 (BNE,2) A:00 X:34 Y:00 P:27 SP:FB nv-bdIZC CYC:1622
CCD6  90 13     IR:90 (BCC,2) A:00 X:34 Y:00 P:27 SP:FB nv-bdIZC CYC:1624
CCD8  70 11     IR:70 (BVS,2) A:00 X:34 Y:00 P:27 SP:FB nv-bdIZC CYC:1626
CCDA  30 0F     IR:30 (BMI,2) A:00 X:34 Y:00 P:27 SP:FB nv-bdIZC CYC:1628
CCDC  C9 00     IR:C9 (CMP,2) A:00 X:34 Y:00 P:27 SP:FB nv-bdIZC CYC:1630
CCDE  D0 0B     IR:D0 (BNE,2) A:00 X:34 Y:00 P:27 SP:FB nv-bdIZC CYC:1632
CCE0  E0 34     IR:E0 (CPX,2) A:00 X:34 Y:00 P:27 SP:FB nv-bdIZC CYC:1634
CCE2  D0 07     IR:D0 (BNE,2) A:00 X:34 Y:00 P:27 SP:FB nv-bdIZC CYC:1636
CCE4  C0 00     IR:C0 (CPY,2) A:00 X:34 Y:00 P:27 SP:FB nv-bdIZC CYC:1638
CCE6  D0 03     IR:D0 (BNE,2) A:00 X:34 Y:00 P:27 SP:FB nv-bdIZC CYC:1640
CCE8  4C EF CC  IR:4C (JMP,3) A:00 X:34 Y:00 P:27 SP:FB nv-bdIZC CYC:1642
CCEF  EA        IR:EA (NOP,1) A:00 X:34 Y:00 P:27 SP:FB nv-bdIZC CYC:1645
CCF0  A9 85     IR:A9 (LDA,2) A:00 X:34 Y:00 P:27 SP:FB nv-bdIZC CYC:1647
CCF2  A2 34     IR:A2 (LDX,2) A:85 X:34 Y:00 P:A5 SP:FB Nv-bdIzC CYC:1649
CCF4  A0 99     IR:A0 (LDY,2) A:85 X:34 Y:00 P:25 SP:FB nv-bdIzC CYC:1651
CCF6  18        IR:18 (CLC,1) A:85 X:34 Y:99 P:A5 SP:FB Nv-bdIzC CYC:1653
CCF7  24 01     IR:24 (BIT,2) A:85 X:34 Y:99 P:A4 SP:FB Nv-bdIzc CYC:1655
CCF9  AA        IR:AA (TAX,1) A:85 X:34 Y:99 P:E4 SP:FB NV-bdIzc CYC:1658
CCFA  F0 2E     IR:F0 (BEQ,2) A:85 X:85 Y:99 P:E4 SP:FB NV-bdIzc CYC:1660
CCFC  B0 2C     IR:B0 (BCS,2) A:85 X:85 Y:99 P:E4 SP:FB NV-bdIzc CYC:1662
CCFE  50 2A     IR:50 (BVC,2) A:85 X:85 Y:99 P:E4 SP:FB NV-bdIzc CYC:1664
CD00  10 28     IR:10 (BPL,2) A:85 X:85 Y:99 P:E4 SP:FB NV-bdIzc CYC:1666
CD02  C9 85     IR:C9 (CMP,2) A:85 X:85 Y:99 P:E4 SP:FB NV-bdIzc CYC:1668
CD04  D0 24     IR:D0 (BNE,2) A:85 X:85 Y:99 P:67 SP:FB nV-bdIZC CYC:1670
CD06  E0 85     IR:E0 (CPX,2) A:85 X:85 Y:99 P:67 SP:FB nV-bdIZC CYC:1672
CD08  D0 20     IR:D0 (BNE,2) A:85 X:85 Y:99 P:67 SP:FB nV-bdIZC CYC:1674
CD0A  C0 99     IR:C0 (CPY,2) A:85 X:85 Y:99 P:67 SP:FB nV-bdIZC CYC:1676
CD0C  D0 1C     IR:D0 (BNE,2) A:85 X:85 Y:99 P:67 SP:FB nV-bdIZC CYC:1678
CD0E  A9 00     IR:A9 (LDA,2) A:85 X:85 Y:99 P:67 SP:FB nV-bdIZC CYC:1680
CD10  38        IR:38 (SEC,1) A:00 X:85 Y:99 P:67 SP:FB nV-bdIZC CYC:1682
CD11  B8        IR:B8 (CLV,1) A:00 X:85 Y:99 P:67 SP:FB nV-bdIZC CYC:1684
CD12  AA        IR:AA (TAX,1) A:00 X:85 Y:99 P:27 SP:FB nv-bdIZC CYC:1686
CD13  D0 15     IR:D0 (BNE,2) A:00 X:00 Y:99 P:27 SP:FB nv-bdIZC CYC:1688
CD15  90 13     IR:90 (BCC,2) A:00 X:00 Y:99 P:27 SP:FB nv-bdIZC CYC:1690
CD17  70 11     IR:70 (BVS,2) A:00 X:00 Y:99 P:27 SP:FB nv-bdIZC CYC:1692
CD19  30 0F     IR:30 (BMI,2) A:00 X:00 Y:99 P:27 SP:FB nv-bdIZC CYC:1694
CD1B  C9 00     IR:C9 (CMP,2) A:00 X:00 Y:99 P:27 SP:FB nv-bdIZC CYC:1696
CD1D  D0 0B     IR:D0 (BNE,2) A:00 X:00 Y:99 P:27 SP:FB nv-bdIZC CYC:1698
CD1F  E0 00     IR:E0 (CPX,2) A:00 X:00 Y:99 P:27 SP:FB nv-bdIZC CYC:1700
CD21  D0 07     IR:D0 (BNE,2) A:00 X:00 Y:99 P:27 SP:FB nv-bdIZC CYC:1702
CD23  C0 99     IR:C0 (CPY,2) A:00 X:00 Y:99 P:27 SP:FB nv-bdIZC CYC:1704
CD25  D0 03     IR:D0 (BNE,2) A:00 X:00 Y:99 P:27 SP:FB nv-bdIZC CYC:1706
CD27  4C 2E CD  IR:4C (JMP,3) A:00 X:00 Y:99 P:27 SP:FB nv-bdIZC CYC:1708
CD2E  EA        IR:EA (NOP,1) A:00 X:00 Y:99 P:27 SP:FB nv-bdIZC CYC:1711
CD2F  A9 85     IR:A9 (LDA,2) A:00 X:00 Y:99 P:27 SP:FB nv-bdIZC CYC:1713
CD31  A2 34     IR:A2 (LDX,2) A:85 X:00 Y:99 P:A5 SP:FB Nv-bdIzC CYC:1715
CD33  A0 99     IR:A0 (LDY,2) A:85 X:34 Y:99 P:25 SP:FB nv-bdIzC CYC:1717
CD35  18        IR:18 (CLC,1) A:85 X:34 Y:99 P:A5 SP:FB Nv-bdIzC CYC:1719
CD36  24 01     IR:24 (BIT,2) A:85 X:34 Y:99 P:A4 SP:FB Nv-bdIzc CYC:1721
CD38  98        IR:98 (TYA,1) A:85 X:34 Y:99 P:E4 SP:FB NV-bdIzc CYC:1724
CD39  F0 2E     IR:F0 (BEQ,2) A:99 X:34 Y:99 P:E4 SP:FB NV-bdIzc CYC:1726
CD3B  B0 2C     IR:B0 (BCS,2) A:99 X:34 Y:99 P:E4 SP:FB NV-bdIzc CYC:1728
CD3D  50 2A     IR:50 (BVC,2) A:99 X:34 Y:99 P:E4 SP:FB NV-bdIzc CYC:1730
CD3F  10 28     IR:10 (BPL,2) A:99 X:34 Y:99 P:E4 SP:FB NV-bdIzc CYC:1732
CD41  C9 99     IR:C9 (CMP,2) A:99 X:34 Y:99 P:E4 SP:FB NV-bdIzc CYC:1734
CD43  D0 24     IR:D0 (BNE,2) A:99 X:34 Y:99 P:67 SP:FB nV-bdIZC CYC:1736
CD45  E0 34     IR:E0 (CPX,2) A:99 X:34 Y:99 P:67 SP:FB nV-bdIZC CYC:1738
CD47  D0 20     IR:D0 (BNE,2) A:99 X:34 Y:99 P:67 SP:FB nV-bdIZC CYC:1740
CD49  C0 99     IR:C0 (CPY,2) A:99 X:34 Y:99 P:67 SP:FB nV-bdIZC CYC:1742
CD4B  D0 1C     IR:D0 (BNE,2) A:99 X:34 Y:99 P:67 SP:FB nV-bdIZC CYC:1744
CD4D  A0 00     IR:A0 (LDY,2) A:99 X:34 Y:99 P:67 SP:FB nV-bdIZC CYC:1746
CD4F  38        IR:38 (SEC,1) A:99 X:34 Y:00 P:67 SP:FB nV-bdIZC CYC:1748
CD50  B8        IR:B8 (CLV,1) A:99 X:34 Y:00 P:67 SP:FB nV-bdIZC CYC:1750
CD51  98        IR:98 (TYA,1) A:99 X:34 Y:00 P:27 SP:FB nv-bdIZC CYC:1752
CD52  D0 15     IR:D0 (BNE,2) A:00 X:34 Y:00 P:27 SP:FB nv-bdIZC CYC:1754
CD54  90 13     IR:90 (BCC,2) A:00 X:34 Y:00 P:27 SP:FB nv-bdIZC CYC:1756
CD56  70 11     IR:70 (BVS,2) A:00 X:34 Y:00 P:27 SP:FB nv-bdIZC CYC:1758
CD58  30 0F     IR:30 (BMI,2) A:00 X:34 Y:00 P:27 SP:FB nv-bdIZC CYC:1760
CD5A  C9 00     IR:C9 (CMP,2) A:00 X:34 Y:00 P:27 SP:FB nv-bdIZC CYC:1762
CD5C  D0 0B     IR:D0 (BNE,2) A:00 X:34 Y:00 P:27 SP:FB nv-bdIZC CYC:1764
CD5E  E0 34     IR:E0 (CPX,2) A:00 X:34 Y:00 P:27 SP:FB nv-bdIZC CYC:1766
CD60  D0 07     IR:D0 (BNE,2) A:00 X:34 Y:00 P:27 SP:FB nv-bdIZC CYC:1768
CD62  C0 00     IR:C0 (CPY,2) A:00 X:34 Y:00 P:27 SP:FB nv-bdIZC CYC:1770
CD64  D0 03     IR:D0 (BNE,2) A:00 X:34 Y:00 P:27 SP:FB nv-bdIZC CYC:1772
CD66  4C 6D CD  IR:4C (JMP,3) A:00 X:34 Y:00 P:27 SP:FB nv-bdIZC CYC:1774
CD6D  EA        IR:EA (NOP,1) A:00 X:34 Y:00 P:27 SP:FB nv-bdIZC CYC:1777
CD6E  A9 85     IR:A9 (LDA,2) A:00 X:34 Y:00 P:27 SP:FB nv-bdIZC CYC:1779
CD70  A2 34     IR:A2 (LDX,2) A:85 X:34 Y:00 P:A5 SP:FB Nv-bdIzC CYC:1781
CD72  A0 99     IR:A0 (LDY,2) A:85 X:34 Y:00 P:25 SP:FB nv-bdIzC CYC:1783
CD74  18        IR:18 (CLC,1) A:85 X:34 Y:99 P:A5 SP:FB Nv-bdIzC CYC:1785
CD75  24 01     IR:24 (BIT,2) A:85 X:34 Y:99 P:A4 SP:FB Nv-bdIzc CYC:1787
CD77  8A        IR:8A (TXA,1) A:85 X:34 Y:99 P:E4 SP:FB NV-bdIzc CYC:1790
CD78  F0 2E     IR:F0 (BEQ,2) A:34 X:34 Y:99 P:64 SP:FB nV-bdIzc CYC:1792
CD7A  B0 2C     IR:B0 (BCS,2) A:34 X:34 Y:99 P:64 SP:FB nV-bdIzc CYC:1794
CD7C  50 2A     IR:50 (BVC,2) A:34 X:34 Y:99 P:64 SP:FB nV-bdIzc CYC:1796
CD7E  30 28     IR:30 (BMI,2) A:34 X:34 Y:99 P:64 SP:FB nV-bdIzc CYC:1798
CD80  C9 34     IR:C9 (CMP,2) A:34 X:34 Y:99 P:64 SP:FB nV-bdIzc CYC:1800
CD82  D0 24     IR:D0 (BNE,2) A:34 X:34 Y:99 P:67 SP:FB nV-bdIZC CYC:1802
CD84  E0 34     IR:E0 (CPX,2) A:34 X:34 Y:99 P:67 SP:FB nV-bdIZC CYC:1804
CD86  D0 20     IR:D0 (BNE,2) A:34 X:34 Y:99 P:67 SP:FB nV-bdIZC CYC:1806
CD88  C0 99     IR:C0 (CPY,2) A:34 X:34 Y:99 P:67 SP:FB nV-bdIZC CYC:1808
CD8A  D0 1C     IR:D0 (BNE,2) A:34 X:34 Y:99 P:67 SP:FB nV-bdIZC CYC:1810
CD8C  A2 00     IR:A2 (LDX,2) A:34 X:34 Y:99 P:67 SP:FB nV-bdIZC CYC:1812
CD8E  38        IR:38 (SEC,1) A:34 X:00 Y:99 P:67 SP:FB nV-bdIZC CYC:1814
CD8F  B8        IR:B8 (CLV,1) A:34 X:00 Y:99 P:67 SP:FB nV-bdIZC CYC:1816
CD90  8A        IR:8A (TXA,1) A:34 X:00 Y:99 P:27 SP:FB nv-bdIZC CYC:1818
CD91  D0 15     IR:D0 (BNE,2) A:00 X:00 Y:99 P:27 SP:FB nv-bdIZC CYC:1820
CD93  90 13     IR:90 (BCC,2) A:00 X:00 Y:99 P:27 SP:FB nv-bdIZC CYC:1822
CD95  70 11     IR:70 (BVS,2) A:00 X:00 Y:99 P:27 SP:FB nv-bdIZC CYC:1824
CD97  30 0F     IR:30 (BMI,2) A:00 X:00 Y:99 P:27 SP:FB nv-bdIZC CYC:1826
CD99  C9 00     IR:C9 (CMP,2) A:00 X:00 Y:99 P:27 SP:FB nv-bdIZC CYC:1828
CD9B  D0 0B     IR:D0 (BNE,2) A:00 X:00 Y:99 P:27 SP:FB nv-bdIZC CYC:1830
CD9D  E0 00     IR:E0 (CPX,2) A:00 X:00 Y:99 P:27 SP:FB nv-bdIZC CYC:1832
CD9F  D0 07     IR:D0 (BNE,2) A:00 X:00 Y:99 P:27 SP:FB nv-bdIZC CYC:1834
CDA1  C0 99     IR:C0 (CPY,2) A:00 X:00 Y:99 P:27 SP:FB nv-bdIZC CYC:1836
CDA3  D0 03     IR:D0 (BNE,2) A:00 X:00 Y:99 P:27 SP:FB nv-bdIZC CYC:1838
CDA5  4C AC CD  IR:4C (JMP,3) A:00 X:00 Y:99 P:27 SP:FB nv-bdIZC CYC:1840
CDAC  EA        IR:EA (NOP,1) A:00 X:00 Y:99 P:27 SP:FB nv-bdIZC CYC:1843
CDAD  BA        IR:BA (TSX,1) A:00 X:00 Y:99 P:27 SP:FB nv-bdIZC CYC:1845
CDAE  8E FF 07  IR:8E (STX,3) A:00 X:FB Y:99 P:A5 SP:FB Nv-bdIzC CYC:1847
CDB1  A0 33     IR:A0 (LDY,2) A:00 X:FB Y:99 P:A5 SP:FB Nv-bdIzC CYC:1851
CDB3  A2 69     IR:A2 (LDX,2) A:00 X:FB Y:33 P:25 SP:FB nv-bdIzC CYC:1853
CDB5  A9 84     IR:A9 (LDA,2) A:00 X:69 Y:33 P:25 SP:FB nv-bdIzC CYC:1855
CDB7  18        IR:18 (CLC,1) A:84 X:69 Y:33 P:A5 SP:FB Nv-bdIzC CYC:1857
CDB8  24 01     IR:24 (BIT,2) A:84 X:69 Y:33 P:A4 SP:FB Nv-bdIzc CYC:1859
CDBA  9A        IR:9A (TXS,1) A:84 X:69 Y:33 P:E4 SP:FB NV-bdIzc CYC:1862
CDBB  F0 32     IR:F0 (BEQ,2) A:84 X:69 Y:33 P:E4 SP:69 NV-bdIzc CYC:1864
CDBD  10 30     IR:10 (BPL,2) A:84 X:69 Y:33 P:E4 SP:69 NV-bdIzc CYC:1866
CDBF  B0 2E     IR:B0 (BCS,2) A:84 X:69 Y:33 P:E4 SP:69 NV-bdIzc CYC:1868
CDC1  50 2C     IR:50 (BVC,2) A:84 X:69 Y:33 P:E4 SP:69 NV-bdIzc CYC:1870
CDC3  C9 84     IR:C9 (CMP,2) A:84 X:69 Y:33 P:E4 SP:69 NV-bdIzc CYC:1872
CDC5  D0 28     IR:D0 (BNE,2) A:84 X:69 Y:33 P:67 SP:69 nV-bdIZC CYC:1874
CDC7  E0 69     IR:E0 (CPX,2) A:84 X:69 Y:33 P:67 SP:69 nV-bdIZC CYC:1876
CDC9  D0 24     IR:D0 (BNE,2) A:84 X:69 Y:33 P:67 SP:69 nV-bdIZC CYC:1878
CDCB  C0 33     IR:C0 (CPY,2) A:84 X:69 Y:33 P:67 SP:69 nV-bdIZC CYC:1880
CDCD  D0 20     IR:D0 (BNE,2) A:84 X:69 Y:33 P:67 SP:69 nV-bdIZC CYC:1882
CDCF  A0 01     IR:A0 (LDY,2) A:84 X:69 Y:33 P:67 SP:69 nV-bdIZC CYC:1884
CDD1  A9 04     IR:A9 (LDA,2) A:84 X:69 Y:01 P:65 SP:69 nV-bdIzC CYC:1886
CDD3  38        IR:38 (SEC,1) A:04 X:69 Y:01 P:65 SP:69 nV-bdIzC CYC:1888
CDD4  B8        IR:B8 (CLV,1) A:04 X:69 Y:01 P:65 SP:69 nV-bdIzC CYC:1890
CDD5  A2 00     IR:A2 (LDX,2) A:04 X:69 Y:01 P:25 SP:69 nv-bdIzC CYC:1892
CDD7  BA        IR:BA (TSX,1) A:04 X:00 Y:01 P:27 SP:69 nv-bdIZC CYC:1894
CDD8  F0 15     IR:F0 (BEQ,2) A:04 X:69 Y:01 P:25 SP:69 nv-bdIzC CYC:1896
CDDA  30 13     IR:30 (BMI,2) A:04 X:69 Y:01 P:25 SP:69 nv-bdIzC CYC:1898
CDDC  90 11     IR:90 (BCC,2) A:04 X:69 Y:01 P:25 SP:69 nv-bdIzC CYC:1900
CDDE  70 0F     IR:70 (BVS,2) A:04 X:69 Y:01 P:25 SP:69 nv-bdIzC CYC:1902
CDE0  E0 69     IR:E0 (CPX,2) A:04 X:69 Y:01 P:25 SP:69 nv-bdIzC CYC:1904
CDE2  D0 0B     IR:D0 (BNE,2) A:04 X:69 Y:01 P:27 SP:69 nv-bdIZC CYC:1906
CDE4  C9 04     IR:C9 (CMP,2) A:04 X:69 Y:01 P:27 SP:69 nv-bdIZC CYC:1908
CDE6  D0 07     IR:D0 (BNE,2) A:04 X:69 Y:01 P:27 SP:69 nv-bdIZC CYC:1910
CDE8  C0 01     IR:C0 (CPY,2) A:04 X:69 Y:01 P:27 SP:69 nv-bdIZC CYC:1912
CDEA  D0 03     IR:D0 (BNE,2) A:04 X:69 Y:01 P:27 SP:69 nv-bdIZC CYC:1914
CDEC  4C F3 CD  IR:4C (JMP,3) A:04 X:69 Y:01 P:27 SP:69 nv-bdIZC CYC:1916
CDF3  AE FF 07  IR:AE (LDX,3) A:04 X:69 Y:01 P:27 SP:69 nv-bdIZC CYC:1919
CDF6  9A        IR:9A (TXS,1) A:04 X:FB Y:01 P:A5 SP:69 Nv-bdIzC CYC:1923
CDF7  60        IR:60 (RTS,1) A:04 X:FB Y:01 P:A5 SP:FB Nv-bdIzC CYC:1925
C609  20 F8 CD  IR:20 (JSR,3) A:04 X:FB Y:01 P:A5 SP:FD Nv-bdIzC CYC:1931
CDF8  A9 FF     IR:A9 (LDA,2) A:04 X:FB Y:01 P:A5 SP:FB Nv-bdIzC CYC:1937
CDFA  85 01     IR:85 (STA,2) A:FF X:FB Y:01 P:A5 SP:FB Nv-bdIzC CYC:1939
CDFC  BA        IR:BA (TSX,1) A:FF X:FB Y:01 P:A5 SP:FB Nv-bdIzC CYC:1942
CDFD  8E FF 07  IR:8E (STX,3) A:FF X:FB Y:01 P:A5 SP:FB Nv-bdIzC CYC:1944
CE00  EA        IR:EA (NOP,1) A:FF X:FB Y:01 P:A5 SP:FB Nv-bdIzC CYC:1948
CE01  A2 80     IR:A2 (LDX,2) A:FF X:FB Y:01 P:A5 SP:FB Nv-bdIzC CYC:1950
CE03  9A        IR:9A (TXS,1) A:FF X:80 Y:01 P:A5 SP:FB Nv-bdIzC CYC:1952
CE04  A9 33     IR:A9 (LDA,2) A:FF X:80 Y:01 P:A5 SP:80 Nv-bdIzC CYC:1954
CE06  48        IR:48 (PHA,1) A:33 X:80 Y:01 P:25 SP:80 nv-bdIzC CYC:1956
CE07  A9 69     IR:A9 (LDA,2) A:33 X:80 Y:01 P:25 SP:7F nv-bdIzC CYC:1959
CE09  48        IR:48 (PHA,1) A:69 X:80 Y:01 P:25 SP:7F nv-bdIzC CYC:1961
CE0A  BA        IR:BA (TSX,1) A:69 X:80 Y:01 P:25 SP:7E nv-bdIzC CYC:1964
CE0B  E0 7E     IR:E0 (CPX,2) A:69 X:7E Y:01 P:25 SP:7E nv-bdIzC CYC:1966
CE0D  D0 20     IR:D0 (BNE,2) A:69 X:7E Y:01 P:27 SP:7E nv-bdIZC CYC:1968
CE0F  68        IR:68 (PLA,1) A:69 X:7E Y:01 P:27 SP:7E nv-bdIZC CYC:1970
CE10  C9 69     IR:C9 (CMP,2) A:69 X:7E Y:01 P:25 SP:7F nv-bdIzC CYC:1974
CE12  D0 1B     IR:D0 (BNE,2) A:69 X:7E Y:01 P:27 SP:7F nv-bdIZC CYC:1976
CE14  68        IR:68 (PLA,1) A:69 X:7E Y:01 P:27 SP:7F nv-bdIZC CYC:1978
CE15  C9 33     IR:C9 (CMP,2) A:33 X:7E Y:01 P:25 SP:80 nv-bdIzC CYC:1982
CE17  D0 16     IR:D0 (BNE,2) A:33 X:7E Y:01 P:27 SP:80 nv-bdIZC CYC:1984
CE19  BA        IR:BA (TSX,1) A:33 X:7E Y:01 P:27 SP:80 nv-bdIZC CYC:1986
CE1A  E0 80     IR:E0 (CPX,2) A:33 X:80 Y:01 P:A5 SP:80 Nv-bdIzC CYC:1988
CE1C  D0 11     IR:D0 (BNE,2) A:33 X:80 Y:01 P:27 SP:80 nv-bdIZC CYC:1990
CE1E  AD 80 01  IR:AD (LDA,3) A:33 X:80 Y:01 P:27 SP:80 nv-bdIZC CYC:1992
CE21  C9 33     IR:C9 (CMP,2) A:33 X:80 Y:01 P:25 SP:80 nv-bdIzC CYC:1996
CE23  D0 0A     IR:D0 (BNE,2) A:33 X:80 Y:01 P:27 SP:80 nv-bdIZC CYC:1998
CE25  AD 7F 01  IR:AD (LDA,3) A:33 X:80 Y:01 P:27 SP:80 nv-bdIZC CYC:2000
CE28  C9 69     IR:C9 (CMP,2) A:69 X:80 Y:01 P:25 SP:80 nv-bdIzC CYC:2004
CE2A  D0 03     IR:D0 (BNE,2) A:69 X:80 Y:01 P:27 SP:80 nv-bdIZC CYC:2006
CE2C  4C 33 CE  IR:4C (JMP,3) A:69 X:80 Y:01 P:27 SP:80 nv-bdIZC CYC:2008
CE33  EA        IR:EA (NOP,1) A:69 X:80 Y:01 P:27 SP:80 nv-bdIZC CYC:2011
CE34  A2 80     IR:A2 (LDX,2) A:69 X:80 Y:01 P:27 SP:80 nv-bdIZC CYC:2013
CE36  9A        IR:9A (TXS,1) A:69 X:80 Y:01 P:A5 SP:80 Nv-bdIzC CYC:2015
CE37  20 3D CE  IR:20 (JSR,3) A:69 X:80 Y:01 P:A5 SP:80 Nv-bdIzC CYC:2017
CE3D  BA        IR:BA (TSX,1) A:69 X:80 Y:01 P:A5 SP:7E Nv-bdIzC CYC:2023
CE3E  E0 7E     IR:E0 (CPX,2) A:69 X:7E Y:01 P:25 SP:7E nv-bdIzC CYC:2025
CE40  D0 19     IR:D0 (BNE,2) A:69 X:7E Y:01 P:27 SP:7E nv-bdIZC CYC:2027
CE42  68        IR:68 (PLA,1) A:69 X:7E Y:01 P:27 SP:7E nv-bdIZC CYC:2029
CE43  68        IR:68 (PLA,1) A:39 X:7E Y:01 P:25 SP:7F nv-bdIzC CYC:2033
CE44  BA        IR:BA (TSX,1) A:CE X:7E Y:01 P:A5 SP:80 Nv-bdIzC CYC:2037
CE45  E0 80     IR:E0 (CPX,2) A:CE X:80 Y:01 P:A5 SP:80 Nv-bdIzC CYC:2039
CE47  D0 12     IR:D0 (BNE,2) A:CE X:80 Y:01 P:27 SP:80 nv-bdIZC CYC:2041
CE49  A9 00     IR:A9 (LDA,2) A:CE X:80 Y:01 P:27 SP:80 nv-bdIZC CYC:2043
CE4B  20 4E CE  IR:20 (JSR,3) A:00 X:80 Y:01 P:27 SP:80 nv-bdIZC CYC:2045
CE4E  68        IR:68 (PLA,1) A:00 X:80 Y:01 P:27 SP:7E nv-bdIZC CYC:2051
CE4F  C9 4D     IR:C9 (CMP,2) A:4D X:80 Y:01 P:25 SP:7F nv-bdIzC CYC:2055
CE51  D0 08     IR:D0 (BNE,2) A:4D X:80 Y:01 P:27 SP:7F nv-bdIZC CYC:2057
CE53  68        IR:68 (PLA,1) A:4D X:80 Y:01 P:27 SP:7F nv-bdIZC CYC:2059
CE54  C9 CE     IR:C9 (CMP,2) A:CE X:80 Y:01 P:A5 SP:80 Nv-bdIzC CYC:2063
CE56  D0 03     IR:D0 (BNE,2) A:CE X:80 Y:01 P:27 SP:80 nv-bdIZC CYC:2065
CE58  4C 5F CE  IR:4C (JMP,3) A:CE X:80 Y:01 P:27 SP:80 nv-bdIZC CYC:2067
CE5F  EA        IR:EA (NOP,1) A:CE X:80 Y:01 P:27 SP:80 nv-bdIZC CYC:2070
CE60  A9 CE     IR:A9 (LDA,2) A:CE X:80 Y:01 P:27 SP:80 nv-bdIZC CYC:2072
CE62  48        IR:48 (PHA,1) A:CE X:80 Y:01 P:A5 SP:80 Nv-bdIzC CYC:2074
CE63  A9 66     IR:A9 (LDA,2) A:CE X:80 Y:01 P:A5 SP:7F Nv-bdIzC CYC:2077
CE65  48        IR:48 (PHA,1) A:66 X:80 Y:01 P:25 SP:7F nv-bdIzC CYC:2079
CE66  60        IR:60 (RTS,1) A:66 X:80 Y:01 P:25 SP:7E nv-bdIzC CYC:2082
CE67  A2 77     IR:A2 (LDX,2) A:66 X:80 Y:01 P:25 SP:80 nv-bdIzC CYC:2088
CE69  A0 69     IR:A0 (LDY,2) A:66 X:77 Y:01 P:25 SP:80 nv-bdIzC CYC:2090
CE6B  18        IR:18 (CLC,1) A:66 X:77 Y:69 P:25 SP:80 nv-bdIzC CYC:2092
CE6C  24 01     IR:24 (BIT,2) A:66 X:77 Y:69 P:24 SP:80 nv-bdIzc CYC:2094
CE6E  A9 83     IR:A9 (LDA,2) A:66 X:77 Y:69 P:E4 SP:80 NV-bdIzc CYC:2097
CE70  20 66 CE  IR:20 (JSR,3) A:83 X:77 Y:69 P:E4 SP:80 NV-bdIzc CYC:2099
CE66  60        IR:60 (RTS,1) A:83 X:77 Y:69 P:E4 SP:7E NV-bdIzc CYC:2105
CE73  F0 24     IR:F0 (BEQ,2) A:83 X:77 Y:69 P:E4 SP:80 NV-bdIzc CYC:2111
CE75  10 22     IR:10 (BPL,2) A:83 X:77 Y:69 P:E4 SP:80 NV-bdIzc CYC:2113
CE77  B0 20     IR:B0 (BCS,2) A:83 X:77 Y:69 P:E4 SP:80 NV-bdIzc CYC:2115
CE79  50 1E     IR:50 (BVC,2) A:83 X:77 Y:69 P:E4 SP:80 NV-bdIzc CYC:2117
CE7B  C9 83     IR:C9 (CMP,2) A:83 X:77 Y:69 P:E4 SP:80 NV-bdIzc CYC:2119
CE7D  D0 1A     IR:D0 (BNE,2) A:83 X:77 Y:69 P:67 SP:80 nV-bdIZC CYC:2121
CE7F  C0 69     IR:C0 (CPY,2) A:83 X:77 Y:69 P:67 SP:80 nV-bdIZC CYC:2123
CE81  D0 16     IR:D0 (BNE,2) A:83 X:77 Y:69 P:67 SP:80 nV-bdIZC CYC:2125
CE83  E0 77     IR:E0 (CPX,2) A:83 X:77 Y:69 P:67 SP:80 nV-bdIZC CYC:2127
CE85  D0 12     IR:D0 (BNE,2) A:83 X:77 Y:69 P:67 SP:80 nV-bdIZC CYC:2129
CE87  38        IR:38 (SEC,1) A:83 X:77 Y:69 P:67 SP:80 nV-bdIZC CYC:2131
CE88  B8        IR:B8 (CLV,1) A:83 X:77 Y:69 P:67 SP:80 nV-bdIZC CYC:2133
CE89  A9 00     IR:A9 (LDA,2) A:83 X:77 Y:69 P:27 SP:80 nv-bdIZC CYC:2135
CE8B  20 66 CE  IR:20 (JSR,3) A:00 X:77 Y:69 P:27 SP:80 nv-bdIZC CYC:2137
CE66  60        IR:60 (RTS,1) A:00 X:77 Y:69 P:27 SP:7E nv-bdIZC CYC:2143
CE8E  D0 09     IR:D0 (BNE,2) A:00 X:77 Y:69 P:27 SP:80 nv-bdIZC CYC:2149
CE90  30 07     IR:30 (BMI,2) A:00 X:77 Y:69 P:27 SP:80 nv-bdIZC CYC:2151
CE92  90 05     IR:90 (BCC,2) A:00 X:77 Y:69 P:27 SP:80 nv-bdIZC CYC:2153
CE94  70 03     IR:70 (BVS,2) A:00 X:77 Y:69 P:27 SP:80 nv-bdIZC CYC:2155
CE96  4C 9D CE  IR:4C (JMP,3) A:00 X:77 Y:69 P:27 SP:80 nv-bdIZC CYC:2157
CE9D  EA        IR:EA (NOP,1) A:00 X:77 Y:69 P:27 SP:80 nv-bdIZC CYC:2160
CE9E  A9 CE     IR:A9 (LDA,2) A:00 X:77 Y:69 P:27 SP:80 nv-bdIZC CYC:2162
CEA0  48        IR:48 (PHA,1) A:CE X:77 Y:69 P:A5 SP:80 Nv-bdIzC CYC:2164
CEA1  A9 AE     IR:A9 (LDA,2) A:CE X:77 Y:69 P:A5 SP:7F Nv-bdIzC CYC:2167
CEA3  48        IR:48 (PHA,1) A:AE X:77 Y:69 P:A5 SP:7F Nv-bdIzC CYC:2169
CEA4  A9 65     IR:A9 (LDA,2) A:AE X:77 Y:69 P:A5 SP:7E Nv-bdIzC CYC:2172
CEA6  48        IR:48 (PHA,1) A:65 X:77 Y:69 P:25 SP:7E nv-bdIzC CYC:2174
CEA7  A9 55     IR:A9 (LDA,2) A:65 X:77 Y:69 P:25 SP:7D nv-bdIzC CYC:2177
CEA9  A0 88     IR:A0 (LDY,2) A:55 X:77 Y:69 P:25 SP:7D nv-bdIzC CYC:2179
CEAB  A2 99     IR:A2 (LDX,2) A:55 X:77 Y:88 P:A5 SP:7D Nv-bdIzC CYC:2181
CEAD  40        IR:40 (RTI,1) A:55 X:99 Y:88 P:A5 SP:7D Nv-bdIzC CYC:2183
CEAE  30 35     IR:30 (BMI,2) A:55 X:99 Y:88 P:65 SP:80 nV-bdIzC CYC:2189
CEB0  50 33     IR:50 (BVC,2) A:55 X:99 Y:88 P:65 SP:80 nV-bdIzC CYC:2191
CEB2  F0 31     IR:F0 (BEQ,2) A:55 X:99 Y:88 P:65 SP:80 nV-bdIzC CYC:2193
CEB4  90 2F     IR:90 (BCC,2) A:55 X:99 Y:88 P:65 SP:80 nV-bdIzC CYC:2195
CEB6  C9 55     IR:C9 (CMP,2) A:55 X:99 Y:88 P:65 SP:80 nV-bdIzC CYC:2197
CEB8  D0 2B     IR:D0 (BNE,2) A:55 X:99 Y:88 P:67 SP:80 nV-bdIZC CYC:2199
CEBA  C0 88     IR:C0 (CPY,2) A:55 X:99 Y:88 P:67 SP:80 nV-bdIZC CYC:2201
CEBC  D0 27     IR:D0 (BNE,2) A:55 X:99 Y:88 P:67 SP:80 nV-bdIZC CYC:2203
CEBE  E0 99     IR:E0 (CPX,2) A:55 X:99 Y:88 P:67 SP:80 nV-bdIZC CYC:2205
CEC0  D0 23     IR:D0 (BNE,2) A:55 X:99 Y:88 P:67 SP:80 nV-bdIZC CYC:2207
CEC2  A9 CE     IR:A9 (LDA,2) A:55 X:99 Y:88 P:67 SP:80 nV-bdIZC CYC:2209
CEC4  48        IR:48 (PHA,1) A:CE X:99 Y:88 P:E5 SP:80 NV-bdIzC CYC:2211
CEC5  A9 CE     IR:A9 (LDA,2) A:CE X:99 Y:88 P:E5 SP:7F NV-bdIzC CYC:2214
CEC7  48        IR:48 (PHA,1) A:CE X:99 Y:88 P:E5 SP:7F NV-bdIzC CYC:2216
CEC8  A9 87     IR:A9 (LDA,2) A:CE X:99 Y:88 P:E5 SP:7E NV-bdIzC CYC:2219
CECA  48        IR:48 (PHA,1) A:87 X:99 Y:88 P:E5 SP:7E NV-bdIzC CYC:2221
CECB  A9 55     IR:A9 (LDA,2) A:87 X:99 Y:88 P:E5 SP:7D NV-bdIzC CYC:2224
CECD  40        IR:40 (RTI,1) A:55 X:99 Y:88 P:65 SP:7D nV-bdIzC CYC:2226
CECE  10 15     IR:10 (BPL,2) A:55 X:99 Y:88 P:A7 SP:80 Nv-bdIZC CYC:2232
CED0  70 13     IR:70 (BVS,2) A:55 X:99 Y:88 P:A7 SP:80 Nv-bdIZC CYC:2234
CED2  D0 11     IR:D0 (BNE,2) A:55 X:99 Y:88 P:A7 SP:80 Nv-bdIZC CYC:2236
CED4  90 0F     IR:90 (BCC,2) A:55 X:99 Y:88 P:A7 SP:80 Nv-bdIZC CYC:2238
CED6  C9 55     IR:C9 (CMP,2) A:55 X:99 Y:88 P:A7 SP:80 Nv-bdIZC CYC:2240
CED8  D0 0B     IR:D0 (BNE,2) A:55 X:99 Y:88 P:27 SP:80 nv-bdIZC CYC:2242
CEDA  C0 88     IR:C0 (CPY,2) A:55 X:99 Y:88 P:27 SP:80 nv-bdIZC CYC:2244
CEDC  D0 07     IR:D0 (BNE,2) A:55 X:99 Y:88 P:27 SP:80 nv-bdIZC CYC:2246
CEDE  E0 99     IR:E0 (CPX,2) A:55 X:99 Y:88 P:27 SP:80 nv-bdIZC CYC:2248
CEE0  D0 03     IR:D0 (BNE,2) A:55 X:99 Y:88 P:27 SP:80 nv-bdIZC CYC:2250
CEE2  4C E9 CE  IR:4C (JMP,3) A:55 X:99 Y:88 P:27 SP:80 nv-bdIZC CYC:2252
CEE9  AE FF 07  IR:AE (LDX,3) A:55 X:99 Y:88 P:27 SP:80 nv-bdIZC CYC:2255
CEEC  9A        IR:9A (TXS,1) A:55 X:FB Y:88 P:A5 SP:80 Nv-bdIzC CYC:2259
CEED  60        IR:60 (RTS,1) A:55 X:FB Y:88 P:A5 SP:FB Nv-bdIzC CYC:2261
C60C  20 EE CE  IR:20 (JSR,3) A:55 X:FB Y:88 P:A5 SP:FD Nv-bdIzC CYC:2267
CEEE  A2 55     IR:A2 (LDX,2) A:55 X:FB Y:88 P:A5 SP:FB Nv-bdIzC CYC:2273
CEF0  A0 69     IR:A0 (LDY,2) A:55 X:55 Y:88 P:25 SP:FB nv-bdIzC CYC:2275
CEF2  A9 FF     IR:A9 (LDA,2) A:55 X:55 Y:69 P:25 SP:FB nv-bdIzC CYC:2277
CEF4  85 01     IR:85 (STA,2) A:FF X:55 Y:69 P:A5 SP:FB Nv-bdIzC CYC:2279
CEF6  EA        IR:EA (NOP,1) A:FF X:55 Y:69 P:A5 SP:FB Nv-bdIzC CYC:2282
CEF7  24 01     IR:24 (BIT,2) A:FF X:55 Y:69 P:A5 SP:FB Nv-bdIzC CYC:2284
CEF9  38        IR:38 (SEC,1) A:FF X:55 Y:69 P:E5 SP:FB NV-bdIzC CYC:2287
CEFA  A9 01     IR:A9 (LDA,2) A:FF X:55 Y:69 P:E5 SP:FB NV-bdIzC CYC:2289
CEFC  4A        IR:4A (LSR,1) A:01 X:55 Y:69 P:65 SP:FB nV-bdIzC CYC:2291
CEFD  90 1D     IR:90 (BCC,2) A:00 X:55 Y:69 P:67 SP:FB nV-bdIZC CYC:2293
CEFF  D0 1B     IR:D0 (BNE,2) A:00 X:55 Y:69 P:67 SP:FB nV-bdIZC CYC:2295
CF01  30 19     IR:30 (BMI,2) A:00 X:55 Y:69 P:67 SP:FB nV-bdIZC CYC:2297
CF03  50 17     IR:50 (BVC,2) A:00 X:55 Y:69 P:67 SP:FB nV-bdIZC CYC:2299
CF05  C9 00     IR:C9 (CMP,2) A:00 X:55 Y:69 P:67 SP:FB nV-bdIZC CYC:2301
CF07  D0 13     IR:D0 (BNE,2) A:00 X:55 Y:69 P:67 SP:FB nV-bdIZC CYC:2303
CF09  B8        IR:B8 (CLV,1) A:00 X:55 Y:69 P:67 SP:FB nV-bdIZC CYC:2305
CF0A  A9 AA     IR:A9 (LDA,2) A:00 X:55 Y:69 P:27 SP:FB nv-bdIZC CYC:2307
CF0C  4A        IR:4A (LSR,1) A:AA X:55 Y:69 P:A5 SP:FB Nv-bdIzC CYC:2309
CF0D  B0 0D     IR:B0 (BCS,2) A:55 X:55 Y:69 P:24 SP:FB nv-bdIzc CYC:2311
CF0F  F0 0B     IR:F0 (BEQ,2) A:55 X:55 Y:69 P:24 SP:FB nv-bdIzc CYC:2313
CF11  30 09     IR:30 (BMI,2) A:55 X:55 Y:69 P:24 SP:FB nv-bdIzc CYC:2315
CF13  70 07     IR:70 (BVS,2) A:55 X:55 Y:69 P:24 SP:FB nv-bdIzc CYC:2317
CF15  C9 55     IR:C9 (CMP,2) A:55 X:55 Y:69 P:24 SP:FB nv-bdIzc CYC:2319
CF17  D0 03     IR:D0 (BNE,2) A:55 X:55 Y:69 P:27 SP:FB nv-bdIZC CYC:2321
CF19  4C 20 CF  IR:4C (JMP,3) A:55 X:55 Y:69 P:27 SP:FB nv-bdIZC CYC:2323
CF20  EA        IR:EA (NOP,1) A:55 X:55 Y:69 P:27 SP:FB nv-bdIZC CYC:2326
CF21  24 01     IR:24 (BIT,2) A:55 X:55 Y:69 P:27 SP:FB nv-bdIZC CYC:2328
CF23  38        IR:38 (SEC,1) A:55 X:55 Y:69 P:E5 SP:FB NV-bdIzC CYC:2331
CF24  A9 80     IR:A9 (LDA,2) A:55 X:55 Y:69 P:E5 SP:FB NV-bdIzC CYC:2333
CF26  0A        IR:0A (ASL,1) A:80 X:55 Y:69 P:E5 SP:FB NV-bdIzC CYC:2335
CF27  90 1E     IR:90 (BCC,2) A:00 X:55 Y:69 P:67 SP:FB nV-bdIZC CYC:2337
CF29  D0 1C     IR:D0 (BNE,2) A:00 X:55 Y:69 P:67 SP:FB nV-bdIZC CYC:2339
CF2B  30 1A     IR:30 (BMI,2) A:00 X:55 Y:69 P:67 SP:FB nV-bdIZC CYC:2341
CF2D  50 18     IR:50 (BVC,2) A:00 X:55 Y:69 P:67 SP:FB nV-bdIZC CYC:2343
CF2F  C9 00     IR:C9 (CMP,2) A:00 X:55 Y:69 P:67 SP:FB nV-bdIZC CYC:2345
CF31  D0 14     IR:D0 (BNE,2) A:00 X:55 Y:69 P:67 SP:FB nV-bdIZC CYC:2347
CF33  B8        IR:B8 (CLV,1) A:00 X:55 Y:69 P:67 SP:FB nV-bdIZC CYC:2349
CF34  38        IR:38 (SEC,1) A:00 X:55 Y:69 P:27 SP:FB nv-bdIZC CYC:2351
CF35  A9 55     IR:A9 (LDA,2) A:00 X:55 Y:69 P:27 SP:FB nv-bdIZC CYC:2353
CF37  0A        IR:0A (ASL,1) A:55 X:55 Y:69 P:25 SP:FB nv-bdIzC CYC:2355
CF38  B0 0D     IR:B0 (BCS,2) A:AA X:55 Y:69 P:A4 SP:FB Nv-bdIzc CYC:2357
CF3A  F0 0B     IR:F0 (BEQ,2) A:AA X:55 Y:69 P:A4 SP:FB Nv-bdIzc CYC:2359
CF3C  10 09     IR:10 (BPL,2) A:AA X:55 Y:69 P:A4 SP:FB Nv-bdIzc CYC:2361
CF3E  70 07     IR:70 (BVS,2) A:AA X:55 Y:69 P:A4 SP:FB Nv-bdIzc CYC:2363
CF40  C9 AA     IR:C9 (CMP,2) A:AA X:55 Y:69 P:A4 SP:FB Nv-bdIzc CYC:2365
CF42  D0 03     IR:D0 (BNE,2) A:AA X:55 Y:69 P:27 SP:FB nv-bdIZC CYC:2367
CF44  4C 4B CF  IR:4C (JMP,3) A:AA X:55 Y:69 P:27 SP:FB nv-bdIZC CYC:2369
CF4B  EA        IR:EA (NOP,1) A:AA X:55 Y:69 P:27 SP:FB nv-bdIZC CYC:2372
CF4C  24 01     IR:24 (BIT,2) A:AA X:55 Y:69 P:27 SP:FB nv-bdIZC CYC:2374
CF4E  38        IR:38 (SEC,1) A:AA X:55 Y:69 P:E5 SP:FB NV-bdIzC CYC:2377
CF4F  A9 01     IR:A9 (LDA,2) A:AA X:55 Y:69 P:E5 SP:FB NV-bdIzC CYC:2379
CF51  6A        IR:6A (ROR,1) A:01 X:55 Y:69 P:65 SP:FB nV-bdIzC CYC:2381
CF52  90 1E     IR:90 (BCC,2) A:80 X:55 Y:69 P:E5 SP:FB NV-bdIzC CYC:2383
CF54  F0 1C     IR:F0 (BEQ,2) A:80 X:55 Y:69 P:E5 SP:FB NV-bdIzC CYC:2385
CF56  10 1A     IR:10 (BPL,2) A:80 X:55 Y:69 P:E5 SP:FB NV-bdIzC CYC:2387
CF58  50 18     IR:50 (BVC,2) A:80 X:55 Y:69 P:E5 SP:FB NV-bdIzC CYC:2389
CF5A  C9 80     IR:C9 (CMP,2) A:80 X:55 Y:69 P:E5 SP:FB NV-bdIzC CYC:2391
CF5C  D0 14     IR:D0 (BNE,2) A:80 X:55 Y:69 P:67 SP:FB nV-bdIZC CYC:2393
CF5E  B8        IR:B8 (CLV,1) A:80 X:55 Y:69 P:67 SP:FB nV-bdIZC CYC:2395
CF5F  18        IR:18 (CLC,1) A:80 X:55 Y:69 P:27 SP:FB nv-bdIZC CYC:2397
CF60  A9 55     IR:A9 (LDA,2) A:80 X:55 Y:69 P:26 SP:FB nv-bdIZc CYC:2399
CF62  6A        IR:6A (ROR,1) A:55 X:55 Y:69 P:24 SP:FB nv-bdIzc CYC:2401
CF63  90 0D     IR:90 (BCC,2) A:2A X:55 Y:69 P:25 SP:FB nv-bdIzC CYC:2403
CF65  F0 0B     IR:F0 (BEQ,2) A:2A X:55 Y:69 P:25 SP:FB nv-bdIzC CYC:2405
CF67  30 09     IR:30 (BMI,2) A:2A X:55 Y:69 P:25 SP:FB nv-bdIzC CYC:2407
CF69  70 07     IR:70 (BVS,2) A:2A X:55 Y:69 P:25 SP:FB nv-bdIzC CYC:2409
CF6B  C9 2A     IR:C9 (CMP,2) A:2A X:55 Y:69 P:25 SP:FB nv-bdIzC CYC:2411
CF6D  D0 03     IR:D0 (BNE,2) A:2A X:55 Y:69 P:27 SP:FB nv-bdIZC CYC:2413
CF6F  4C 76 CF  IR:4C (JMP,3) A:2A X:55 Y:69 P:27 SP:FB nv-bdIZC CYC:2415
CF76  EA        IR:EA (NOP,1) A:2A X:55 Y:69 P:27 SP:FB nv-bdIZC CYC:2418
CF77  24 01     IR:24 (BIT,2) A:2A X:55 Y:69 P:27 SP:FB nv-bdIZC CYC:2420
CF79  38        IR:38 (SEC,1) A:2A X:55 Y:69 P:E5 SP:FB NV-bdIzC CYC:2423
CF7A  A9 80     IR:A9 (LDA,2) A:2A X:55 Y:69 P:E5 SP:FB NV-bdIzC CYC:2425
CF7C  2A        IR:2A (ROL,1) A:80 X:55 Y:69 P:E5 SP:FB NV-bdIzC CYC:2427
CF7D  90 1E     IR:90 (BCC,2) A:01 X:55 Y:69 P:65 SP:FB nV-bdIzC CYC:2429
CF7F  F0 1C     IR:F0 (BEQ,2) A:01 X:55 Y:69 P:65 SP:FB nV-bdIzC CYC:2431
CF81  30 1A     IR:30 (BMI,2) A:01 X:55 Y:69 P:65 SP:FB nV-bdIzC CYC:2433
CF83  50 18     IR:50 (BVC,2) A:01 X:55 Y:69 P:65 SP:FB nV-bdIzC CYC:2435
CF85  C9 01     IR:C9 (CMP,2) A:01 X:55 Y:69 P:65 SP:FB nV-bdIzC CYC:2437
CF87  D0 14     IR:D0 (BNE,2) A:01 X:55 Y:69 P:67 SP:FB nV-bdIZC CYC:2439
CF89  B8        IR:B8 (CLV,1) A:01 X:55 Y:69 P:67 SP:FB nV-bdIZC CYC:2441
CF8A  18        IR:18 (CLC,1) A:01 X:55 Y:69 P:27 SP:FB nv-bdIZC CYC:2443
CF8B  A9 55     IR:A9 (LDA,2) A:01 X:55 Y:69 P:26 SP:FB nv-bdIZc CYC:2445
CF8D  2A        IR:2A (ROL,1) A:55 X:55 Y:69 P:24 SP:FB nv-bdIzc CYC:2447
CF8E  B0 0D     IR:B0 (BCS,2) A:AA X:55 Y:69 P:A4 SP:FB Nv-bdIzc CYC:2449
CF90  F0 0B     IR:F0 (BEQ,2) A:AA X:55 Y:69 P:A4 SP:FB Nv-bdIzc CYC:2451
CF92  10 09     IR:10 (BPL,2) A:AA X:55 Y:69 P:A4 SP:FB Nv-bdIzc CYC:2453
CF94  70 07     IR:70 (BVS,2) A:AA X:55 Y:69 P:A4 SP:FB Nv-bdIzc CYC:2455
CF96  C9 AA     IR:C9 (CMP,2) A:AA X:55 Y:69 P:A4 SP:FB Nv-bdIzc CYC:2457
CF98  D0 03     IR:D0 (BNE,2) A:AA X:55 Y:69 P:27 SP:FB nv-bdIZC CYC:2459
CF9A  4C A1 CF  IR:4C (JMP,3) A:AA X:55 Y:69 P:27 SP:FB nv-bdIZC CYC:2461
CFA1  60        IR:60 (RTS,1) A:AA X:55 Y:69 P:27 SP:FB nv-bdIZC CYC:2464
C60F  20 A2 CF  IR:20 (JSR,3) A:AA X:55 Y:69 P:27 SP:FD nv-bdIZC CYC:2470
CFA2  A5 00     IR:A5 (LDA,2) A:AA X:55 Y:69 P:27 SP:FB nv-bdIZC CYC:2476
CFA4  8D FF 07  IR:8D (STA,3) A:00 X:55 Y:69 P:27 SP:FB nv-bdIZC CYC:2479
CFA7  A9 00     IR:A9 (LDA,2) A:00 X:55 Y:69 P:27 SP:FB nv-bdIZC CYC:2483
CFA9  85 80     IR:85 (STA,2) A:00 X:55 Y:69 P:27 SP:FB nv-bdIZC CYC:2485
CFAB  A9 02     IR:A9 (LDA,2) A:00 X:55 Y:69 P:27 SP:FB nv-bdIZC CYC:2488
CFAD  85 81     IR:85 (STA,2) A:02 X:55 Y:69 P:25 SP:FB nv-bdIzC CYC:2490
CFAF  A9 FF     IR:A9 (LDA,2) A:02 X:55 Y:69 P:25 SP:FB nv-bdIzC CYC:2493
CFB1  85 01     IR:85 (STA,2) A:FF X:55 Y:69 P:A5 SP:FB Nv-bdIzC CYC:2495
CFB3  A9 00     IR:A9 (LDA,2) A:FF X:55 Y:69 P:A5 SP:FB Nv-bdIzC CYC:2498
CFB5  85 82     IR:85 (STA,2) A:00 X:55 Y:69 P:27 SP:FB nv-bdIZC CYC:2500
CFB7  A9 03     IR:A9 (LDA,2) A:00 X:55 Y:69 P:27 SP:FB nv-bdIZC CYC:2503
CFB9  85 83     IR:85 (STA,2) A:03 X:55 Y:69 P:25 SP:FB nv-bdIzC CYC:2505
CFBB  85 84     IR:85 (STA,2) A:03 X:55 Y:69 P:25 SP:FB nv-bdIzC CYC:2508
CFBD  A9 00     IR:A9 (LDA,2) A:03 X:55 Y:69 P:25 SP:FB nv-bdIzC CYC:2511
CFBF  85 FF     IR:85 (STA,2) A:00 X:55 Y:69 P:27 SP:FB nv-bdIZC CYC:2513
CFC1  A9 04     IR:A9 (LDA,2) A:00 X:55 Y:69 P:27 SP:FB nv-bdIZC CYC:2516
CFC3  85 00     IR:85 (STA,2) A:04 X:55 Y:69 P:25 SP:FB nv-bdIzC CYC:2518
CFC5  A9 5A     IR:A9 (LDA,2) A:04 X:55 Y:69 P:25 SP:FB nv-bdIzC CYC:2521
CFC7  8D 00 02  IR:8D (STA,3) A:5A X:55 Y:69 P:25 SP:FB nv-bdIzC CYC:2523
CFCA  A9 5B     IR:A9 (LDA,2) A:5A X:55 Y:69 P:25 SP:FB nv-bdIzC CYC:2527
CFCC  8D 00 03  IR:8D (STA,3) A:5B X:55 Y:69 P:25 SP:FB nv-bdIzC CYC:2529
CFCF  A9 5C     IR:A9 (LDA,2) A:5B X:55 Y:69 P:25 SP:FB nv-bdIzC CYC:2533
CFD1  8D 03 03  IR:8D (STA,3) A:5C X:55 Y:69 P:25 SP:FB nv-bdIzC CYC:2535
CFD4  A9 5D     IR:A9 (LDA,2) A:5C X:55 Y:69 P:25 SP:FB nv-bdIzC CYC:2539
CFD6  8D 00 04  IR:8D (STA,3) A:5D X:55 Y:69 P:25 SP:FB nv-bdIzC CYC:2541
CFD9  A2 00     IR:A2 (LDX,2) A:5D X:55 Y:69 P:25 SP:FB nv-bdIzC CYC:2545
CFDB  A1 80     IR:A1 (LDA,2) A:5D X:00 Y:69 P:27 SP:FB nv-bdIZC CYC:2547
CFDD  C9 5A     IR:C9 (CMP,2) A:5A X:00 Y:69 P:25 SP:FB nv-bdIzC CYC:2553
CFDF  D0 1F     IR:D0 (BNE,2) A:5A X:00 Y:69 P:27 SP:FB nv-bdIZC CYC:2555
CFE1  E8        IR:E8 (INX,1) A:5A X:00 Y:69 P:27 SP:FB nv-bdIZC CYC:2557
CFE2  E8        IR:E8 (INX,1) A:5A X:01 Y:69 P:25 SP:FB nv-bdIzC CYC:2559
CFE3  A1 80     IR:A1 (LDA,2) A:5A X:02 Y:69 P:25 SP:FB nv-bdIzC CYC:2561
CFE5  C9 5B     IR:C9 (CMP,2) A:5B X:02 Y:69 P:25 SP:FB nv-bdIzC CYC:2567
CFE7  D0 17     IR:D0 (BNE,2) A:5B X:02 Y:69 P:27 SP:FB nv-bdIZC CYC:2569
CFE9  E8        IR:E8 (INX,1) A:5B X:02 Y:69 P:27 SP:FB nv-bdIZC CYC:2571
CFEA  A1 80     IR:A1 (LDA,2) A:5B X:03 Y:69 P:25 SP:FB nv-bdIzC CYC:2573
CFEC  C9 5C     IR:C9 (CMP,2) A:5C X:03 Y:69 P:25 SP:FB nv-bdIzC CYC:2579
CFEE  D0 10     IR:D0 (BNE,2) A:5C X:03 Y:69 P:27 SP:FB nv-bdIZC CYC:2581
CFF0  A2 00     IR:A2 (LDX,2) A:5C X:03 Y:69 P:27 SP:FB nv-bdIZC CYC:2583
CFF2  A1 FF     IR:A1 (LDA,2) A:5C X:00 Y:69 P:27 SP:FB nv-bdIZC CYC:2585
CFF4  C9 5D     IR:C9 (CMP,2) A:5D X:00 Y:69 P:25 SP:FB nv-bdIzC CYC:2591
CFF6  D0 08     IR:D0 (BNE,2) A:5D X:00 Y:69 P:27 SP:FB nv-bdIZC CYC:2593
CFF8  A2 81     IR:A2 (LDX,2) A:5D X:00 Y:69 P:27 SP:FB nv-bdIZC CYC:2595
CFFA  A1 FF     IR:A1 (LDA,2) A:5D X:81 Y:69 P:A5 SP:FB Nv-bdIzC CYC:2597
CFFC  C9 5A     IR:C9 (CMP,2) A:5A X:81 Y:69 P:25 SP:FB nv-bdIzC CYC:2603
CFFE  F0 05     IR:F0 (BEQ,2) A:5A X:81 Y:69 P:27 SP:FB nv-bdIZC CYC:2605
D005  A9 AA     IR:A9 (LDA,2) A:5A X:81 Y:69 P:27 SP:FB nv-bdIZC CYC:2608
D007  A2 00     IR:A2 (LDX,2) A:AA X:81 Y:69 P:A5 SP:FB Nv-bdIzC CYC:2610
D009  81 80     IR:81 (STA,2) A:AA X:00 Y:69 P:27 SP:FB nv-bdIZC CYC:2612
D00B  E8        IR:E8 (INX,1) A:AA X:00 Y:69 P:27 SP:FB nv-bdIZC CYC:2618
D00C  E8        IR:E8 (INX,1) A:AA X:01 Y:69 P:25 SP:FB nv-bdIzC CYC:2620
D00D  A9 AB     IR:A9 (LDA,2) A:AA X:02 Y:69 P:25 SP:FB nv-bdIzC CYC:2622
D00F  81 80     IR:81 (STA,2) A:AB X:02 Y:69 P:A5 SP:FB Nv-bdIzC CYC:2624
D011  E8        IR:E8 (INX,1) A:AB X:02 Y:69 P:A5 SP:FB Nv-bdIzC CYC:2630
D012  A9 AC     IR:A9 (LDA,2) A:AB X:03 Y:69 P:25 SP:FB nv-bdIzC CYC:2632
D014  81 80     IR:81 (STA,2) A:AC X:03 Y:69 P:A5 SP:FB Nv-bdIzC CYC:2634
D016  A2 00     IR:A2 (LDX,2) A:AC X:03 Y:69 P:A5 SP:FB Nv-bdIzC CYC:2640
D018  A9 AD     IR:A9 (LDA,2) A:AC X:00 Y:69 P:27 SP:FB nv-bdIZC CYC:2642
D01A  81 FF     IR:81 (STA,2) A:AD X:00 Y:69 P:A5 SP:FB Nv-bdIzC CYC:2644
D01C  AD 00 02  IR:AD (LDA,3) A:AD X:00 Y:69 P:A5 SP:FB Nv-bdIzC CYC:2650
D01F  C9 AA     IR:C9 (CMP,2) A:AA X:00 Y:69 P:A5 SP:FB Nv-bdIzC CYC:2654
D021  D0 15     IR:D0 (BNE,2) A:AA X:00 Y:69 P:27 SP:FB nv-bdIZC CYC:2656
D023  AD 00 03  IR:AD (LDA,3) A:AA X:00 Y:69 P:27 SP:FB nv-bdIZC CYC:2658
D026  C9 AB     IR:C9 (CMP,2) A:AB X:00 Y:69 P:A5 SP:FB Nv-bdIzC CYC:2662
D028  D0 0E     IR:D0 (BNE,2) A:AB X:00 Y:69 P:27 SP:FB nv-bdIZC CYC:2664
D02A  AD 03 03  IR:AD (LDA,3) A:AB X:00 Y:69 P:27 SP:FB nv-bdIZC CYC:2666
D02D  C9 AC     IR:C9 (CMP,2) A:AC X:00 Y:69 P:A5 SP:FB Nv-bdIzC CYC:2670
D02F  D0 07     IR:D0 (BNE,2) A:AC X:00 Y:69 P:27 SP:FB nv-bdIZC CYC:2672
D031  AD 00 04  IR:AD (LDA,3) A:AC X:00 Y:69 P:27 SP:FB nv-bdIZC CYC:2674
D034  C9 AD     IR:C9 (CMP,2) A:5D X:00 Y:69 P:25 SP:FB nv-bdIzC CYC:2678
D036  F0 05     IR:F0 (BEQ,2) A:5D X:00 Y:69 P:A4 SP:FB Nv-bdIzc CYC:2680
D038  A9 59     IR:A9 (LDA,2) A:5D X:00 Y:69 P:A4 SP:FB Nv-bdIzc CYC:2682
D03A  8D FF 07  IR:8D (STA,3) A:59 X:00 Y:69 P:24 SP:FB nv-bdIzc CYC:2684
D03D  AD FF 07  IR:AD (LDA,3) A:59 X:00 Y:69 P:24 SP:FB nv-bdIzc CYC:2688
D040  85 00     IR:85 (STA,2) A:59 X:00 Y:69 P:24 SP:FB nv-bdIzc CYC:2692
D042  A9 00     IR:A9 (LDA,2) A:59 X:00 Y:69 P:24 SP:FB nv-bdIzc CYC:2695
D044  8D 00 03  IR:8D (STA,3) A:00 X:00 Y:69 P:26 SP:FB nv-bdIZc CYC:2697
D047  A9 AA     IR:A9 (LDA,2) A:00 X:00 Y:69 P:26 SP:FB nv-bdIZc CYC:2701
D049  8D 00 02  IR:8D (STA,3) A:AA X:00 Y:69 P:A4 SP:FB Nv-bdIzc CYC:2703
D04C  A2 00     IR:A2 (LDX,2) A:AA X:00 Y:69 P:A4 SP:FB Nv-bdIzc CYC:2707
D04E  A0 5A     IR:A0 (LDY,2) A:AA X:00 Y:69 P:26 SP:FB nv-bdIZc CYC:2709
D050  20 B6 F7  IR:20 (JSR,3) A:AA X:00 Y:5A P:24 SP:FB nv-bdIzc CYC:2711
F7B6  18        IR:18 (CLC,1) A:AA X:00 Y:5A P:24 SP:F9 nv-bdIzc CYC:2717
F7B7  A9 FF     IR:A9 (LDA,2) A:AA X:00 Y:5A P:24 SP:F9 nv-bdIzc CYC:2719
F7B9  85 01     IR:85 (STA,2) A:FF X:00 Y:5A P:A4 SP:F9 Nv-bdIzc CYC:2721
F7BB  24 01     IR:24 (BIT,2) A:FF X:00 Y:5A P:A4 SP:F9 Nv-bdIzc CYC:2724
F7BD  A9 55     IR:A9 (LDA,2) A:FF X:00 Y:5A P:E4 SP:F9 NV-bdIzc CYC:2727
F7BF  60        IR:60 (RTS,1) A:55 X:00 Y:5A P:64 SP:F9 nV-bdIzc CYC:2729
D053  01 80     IR:01 (---,2) A:55 X:00 Y:5A P:64 SP:FB nV-bdIzc CYC:2735
<FIX THE OPCODE>
D053  01 80     IR:01 (---,2) A:55 X:00 Y:5A P:64 SP:FB nV-bdIzc CYC:2735
</FIX THE OPCODE>
D055  20 C0 F7  IR:20 (JSR,3) A:55 X:00 Y:5A P:64 SP:FB nV-bdIzc CYC:2741
F7C0  B0 09     IR:B0 (BCS,2) A:55 X:00 Y:5A P:64 SP:F9 nV-bdIzc CYC:2747
F7C2  10 07     IR:10 (BPL,2) A:55 X:00 Y:5A P:64 SP:F9 nV-bdIzc CYC:2749
F7CB  84 00     IR:84 (STY,2) A:55 X:00 Y:5A P:64 SP:F9 nV-bdIzc CYC:2752
F7CD  60        IR:60 (RTS,1) A:55 X:00 Y:5A P:64 SP:F9 nV-bdIzc CYC:2755
D058  C8        IR:C8 (INY,1) A:55 X:00 Y:5A P:64 SP:FB nV-bdIzc CYC:2761
D059  20 CE F7  IR:20 (JSR,3) A:55 X:00 Y:5B P:64 SP:FB nV-bdIzc CYC:2763
F7CE  38        IR:38 (SEC,1) A:55 X:00 Y:5B P:64 SP:F9 nV-bdIzc CYC:2769
F7CF  B8        IR:B8 (CLV,1) A:55 X:00 Y:5B P:65 SP:F9 nV-bdIzC CYC:2771
F7D0  A9 00     IR:A9 (LDA,2) A:55 X:00 Y:5B P:25 SP:F9 nv-bdIzC CYC:2773
F7D2  60        IR:60 (RTS,1) A:00 X:00 Y:5B P:27 SP:F9 nv-bdIZC CYC:2775
D05C  01 82     IR:01 (---,2) A:00 X:00 Y:5B P:27 SP:FB nv-bdIZC CYC:2781
<FIX THE OPCODE>
D05C  01 82     IR:01 (---,2) A:00 X:00 Y:5B P:27 SP:FB nv-bdIZC CYC:2781
</FIX THE OPCODE>
D05E  20 D3 F7  IR:20 (JSR,3) A:00 X:00 Y:5B P:27 SP:FB nv-bdIZC CYC:2787
F7D3  D0 07     IR:D0 (BNE,2) A:00 X:00 Y:5B P:27 SP:F9 nv-bdIZC CYC:2793
F7D5  70 05     IR:70 (BVS,2) A:00 X:00 Y:5B P:27 SP:F9 nv-bdIZC CYC:2795
F7D7  90 03     IR:90 (BCC,2) A:00 X:00 Y:5B P:27 SP:F9 nv-bdIZC CYC:2797
F7D9  30 01     IR:30 (BMI,2) A:00 X:00 Y:5B P:27 SP:F9 nv-bdIZC CYC:2799
F7DB  60        IR:60 (RTS,1) A:00 X:00 Y:5B P:27 SP:F9 nv-bdIZC CYC:2801
D061  C8        IR:C8 (INY,1) A:00 X:00 Y:5B P:27 SP:FB nv-bdIZC CYC:2807
D062  20 DF F7  IR:20 (JSR,3) A:00 X:00 Y:5C P:25 SP:FB nv-bdIzC CYC:2809
F7DF  18        IR:18 (CLC,1) A:00 X:00 Y:5C P:25 SP:F9 nv-bdIzC CYC:2815
F7E0  24 01     IR:24 (BIT,2) A:00 X:00 Y:5C P:24 SP:F9 nv-bdIzc CYC:2817
F7E2  A9 55     IR:A9 (LDA,2) A:00 X:00 Y:5C P:E6 SP:F9 NV-bdIZc CYC:2820
F7E4  60        IR:60 (RTS,1) A:55 X:00 Y:5C P:64 SP:F9 nV-bdIzc CYC:2822
D065  21        IR:21 (---,1) A:55 X:00 Y:5C P:64 SP:FB nV-bdIzc CYC:2828
<FIX THE OPCODE>
D065  21        IR:21 (---,1) A:55 X:00 Y:5C P:64 SP:FB nV-bdIzc CYC:2828
</FIX THE OPCODE>
D066  80        IR:80 (---,1) A:55 X:00 Y:5C P:64 SP:FB nV-bdIzc CYC:2829
<FIX THE OPCODE>
D066  80        IR:80 (---,1) A:55 X:00 Y:5C P:64 SP:FB nV-bdIzc CYC:2829
</FIX THE OPCODE>
D067  20 E5 F7  IR:20 (JSR,3) A:55 X:00 Y:5C P:64 SP:FB nV-bdIzc CYC:2830
F7E5  D0 07     IR:D0 (BNE,2) A:55 X:00 Y:5C P:64 SP:F9 nV-bdIzc CYC:2836
F7EE  84 00     IR:84 (STY,2) A:55 X:00 Y:5C P:64 SP:F9 nV-bdIzc CYC:2839
F7F0  60        IR:60 (RTS,1) A:55 X:00 Y:5C P:64 SP:F9 nV-bdIzc CYC:2842
D06A  C8        IR:C8 (INY,1) A:55 X:00 Y:5C P:64 SP:FB nV-bdIzc CYC:2848
D06B  A9 EF     IR:A9 (LDA,2) A:55 X:00 Y:5D P:64 SP:FB nV-bdIzc CYC:2850
D06D  8D 00 03  IR:8D (STA,3) A:EF X:00 Y:5D P:E4 SP:FB NV-bdIzc CYC:2852
D070  20 F1 F7  IR:20 (JSR,3) A:EF X:00 Y:5D P:E4 SP:FB NV-bdIzc CYC:2856
F7F1  38        IR:38 (SEC,1) A:EF X:00 Y:5D P:E4 SP:F9 NV-bdIzc CYC:2862
F7F2  B8        IR:B8 (CLV,1) A:EF X:00 Y:5D P:E5 SP:F9 NV-bdIzC CYC:2864
F7F3  A9 F8     IR:A9 (LDA,2) A:EF X:00 Y:5D P:A5 SP:F9 Nv-bdIzC CYC:2866
F7F5  60        IR:60 (RTS,1) A:F8 X:00 Y:5D P:A5 SP:F9 Nv-bdIzC CYC:2868
D073  21        IR:21 (---,1) A:F8 X:00 Y:5D P:A5 SP:FB Nv-bdIzC CYC:2874
<FIX THE OPCODE>
D073  21        IR:21 (---,1) A:F8 X:00 Y:5D P:A5 SP:FB Nv-bdIzC CYC:2874
</FIX THE OPCODE>
D074  82        IR:82 (---,1) A:F8 X:00 Y:5D P:A5 SP:FB Nv-bdIzC CYC:2875
<FIX THE OPCODE>
D074  82        IR:82 (---,1) A:F8 X:00 Y:5D P:A5 SP:FB Nv-bdIzC CYC:2875
</FIX THE OPCODE>
D075  20 F6 F7  IR:20 (JSR,3) A:F8 X:00 Y:5D P:A5 SP:FB Nv-bdIzC CYC:2876
F7F6  90 09     IR:90 (BCC,2) A:F8 X:00 Y:5D P:A5 SP:F9 Nv-bdIzC CYC:2882
F7F8  10 07     IR:10 (BPL,2) A:F8 X:00 Y:5D P:A5 SP:F9 Nv-bdIzC CYC:2884
F7FA  C9 E8     IR:C9 (CMP,2) A:F8 X:00 Y:5D P:A5 SP:F9 Nv-bdIzC CYC:2886
F7FC  D0 03     IR:D0 (BNE,2) A:F8 X:00 Y:5D P:25 SP:F9 nv-bdIzC CYC:2888
F801  84 00     IR:84 (STY,2) A:F8 X:00 Y:5D P:25 SP:F9 nv-bdIzC CYC:2892
F803  60        IR:60 (RTS,1) A:F8 X:00 Y:5D P:25 SP:F9 nv-bdIzC CYC:2895
D078  C8        IR:C8 (INY,1) A:F8 X:00 Y:5D P:25 SP:FB nv-bdIzC CYC:2901
D079  20 04 F8  IR:20 (JSR,3) A:F8 X:00 Y:5E P:25 SP:FB nv-bdIzC CYC:2903
F804  18        IR:18 (CLC,1) A:F8 X:00 Y:5E P:25 SP:F9 nv-bdIzC CYC:2909
F805  24 01     IR:24 (BIT,2) A:F8 X:00 Y:5E P:24 SP:F9 nv-bdIzc CYC:2911
